Log file open, 11/24/21 13:29:12
LogWindows: Failed to load 'aqProf.dll' (GetLastError=126)
LogWindows: File 'aqProf.dll' does not exist
LogWindows: Failed to load 'VtuneApi.dll' (GetLastError=126)
LogWindows: File 'VtuneApi.dll' does not exist
LogWindows: Failed to load 'VtuneApi32e.dll' (GetLastError=126)
LogWindows: File 'VtuneApi32e.dll' does not exist
LogConsoleResponse: Display: Failed to find resolution value strings in scalability ini. Falling back to default.
LogConsoleResponse: Display: Failed to find resolution value strings in scalability ini. Falling back to default.
LogInit: Display: Running engine for game: ProjectInfection
LogPlatformFile: Not using cached read wrapper
LogTaskGraph: Started task graph with 5 named threads and 35 total threads with 3 sets of task threads.
LogStats: Stats thread started at 0.246569
LogICUInternationalization: ICU TimeZone Detection - Raw Offset: +0:00, Platform Override: ''
LogInit: Display: Loading text-based GConfig....
LogPluginManager: Mounting plugin MeshPainting
LogPluginManager: Mounting plugin XGEController
LogPluginManager: Mounting plugin Paper2D
LogPluginManager: Mounting plugin AISupport
LogPluginManager: Mounting plugin LightPropagationVolume
LogPluginManager: Mounting plugin EnvironmentQueryEditor
LogPluginManager: Mounting plugin CameraShakePreviewer
LogPluginManager: Mounting plugin GameplayCameras
LogPluginManager: Mounting plugin OodleData
LogPluginManager: Mounting plugin OodleNetwork
LogPluginManager: Mounting plugin AnimationSharing
LogPluginManager: Mounting plugin CLionSourceCodeAccess
LogPluginManager: Mounting plugin NullSourceCodeAccess
LogPluginManager: Mounting plugin GitSourceControl
LogPluginManager: Mounting plugin KDevelopSourceCodeAccess
LogPluginManager: Mounting plugin CodeLiteSourceCodeAccess
LogPluginManager: Mounting plugin PerforceSourceControl
LogPluginManager: Mounting plugin PixWinPlugin
LogPluginManager: Mounting plugin PluginUtils
LogPluginManager: Mounting plugin RiderSourceCodeAccess
LogPluginManager: Mounting plugin SubversionSourceControl
LogPluginManager: Mounting plugin TextureFormatOodle
LogPluginManager: Mounting plugin PlasticSourceControl
LogPluginManager: Mounting plugin PropertyAccessNode
LogPluginManager: Mounting plugin AssetManagerEditor
LogPluginManager: Mounting plugin XCodeSourceCodeAccess
LogPluginManager: Mounting plugin UObjectPlugin
LogPluginManager: Mounting plugin VisualStudioSourceCodeAccess
LogPluginManager: Mounting plugin VisualStudioCodeSourceCodeAccess
LogPluginManager: Mounting plugin CryptoKeys
LogPluginManager: Mounting plugin CurveEditorTools
LogPluginManager: Mounting plugin DataValidation
LogPluginManager: Mounting plugin FacialAnimation
LogPluginManager: Mounting plugin GameplayTagsEditor
LogPluginManager: Mounting plugin GeometryMode
LogPluginManager: Mounting plugin MacGraphicsSwitching
LogPluginManager: Mounting plugin MaterialAnalyzer
LogPluginManager: Mounting plugin PluginBrowser
LogPluginManager: Mounting plugin SpeedTreeImporter
LogPluginManager: Mounting plugin MobileLauncherProfileWizard
LogPluginManager: Mounting plugin DatasmithContent
LogPluginManager: Mounting plugin VariantManagerContent
LogPluginManager: Mounting plugin Niagara
LogPluginManager: Mounting plugin AlembicImporter
LogPluginManager: Mounting plugin BackChannel
LogPluginManager: Mounting plugin AutomationUtils
LogPluginManager: Mounting plugin ChaosCloth
LogPluginManager: Mounting plugin ChaosClothEditor
LogPluginManager: Mounting plugin ChaosEditor
LogPluginManager: Mounting plugin ChaosNiagara
LogPluginManager: Mounting plugin ChaosSolverPlugin
LogPluginManager: Mounting plugin CharacterAI
LogPluginManager: Mounting plugin GeometryCache
LogPluginManager: Mounting plugin GeometryCollectionPlugin
LogPluginManager: Mounting plugin LuminPlatformFeatures
LogPluginManager: Mounting plugin MagicLeap
LogPluginManager: Mounting plugin MagicLeapLightEstimation
LogPluginManager: Mounting plugin MagicLeapMedia
LogPluginManager: Mounting plugin MagicLeapPassableWorld
LogPluginManager: Mounting plugin GeometryProcessing
LogPluginManager: Mounting plugin MLSDK
LogPluginManager: Mounting plugin MotoSynth
LogPluginManager: Mounting plugin OpenImageDenoise
LogPluginManager: Mounting plugin PlanarCut
LogPluginManager: Mounting plugin PlatformCrypto
LogPluginManager: Mounting plugin ProxyLODPlugin
LogPluginManager: Mounting plugin PythonScriptPlugin
LogPluginManager: Mounting plugin AndroidMedia
LogPluginManager: Mounting plugin AvfMedia
LogPluginManager: Mounting plugin SkeletalReduction
LogPluginManager: Mounting plugin ImgMedia
LogPluginManager: Mounting plugin MediaCompositing
LogPluginManager: Mounting plugin MediaPlayerEditor
LogPluginManager: Mounting plugin WebMMedia
LogPluginManager: Mounting plugin WmfMedia
LogPluginManager: Mounting plugin TcpMessaging
LogPluginManager: Mounting plugin ActorSequence
LogPluginManager: Mounting plugin UdpMessaging
LogPluginManager: Mounting plugin LevelSequenceEditor
LogPluginManager: Mounting plugin MatineeToLevelSequence
LogPluginManager: Mounting plugin TemplateSequence
LogPluginManager: Mounting plugin OnlineSubsystem
LogPluginManager: Mounting plugin OnlineSubsystemNull
LogPluginManager: Mounting plugin OnlineSubsystemUtils
LogPluginManager: Mounting plugin ActorLayerUtilities
LogPluginManager: Mounting plugin LauncherChunkInstaller
LogPluginManager: Mounting plugin AndroidDeviceProfileSelector
LogPluginManager: Mounting plugin AndroidMoviePlayer
LogPluginManager: Mounting plugin AndroidPermission
LogPluginManager: Mounting plugin AppleImageUtils
LogPluginManager: Mounting plugin AppleMoviePlayer
LogPluginManager: Mounting plugin ArchVisCharacter
LogPluginManager: Mounting plugin AssetTags
LogPluginManager: Mounting plugin AudioCapture
LogPluginManager: Mounting plugin AudioSynesthesia
LogPluginManager: Mounting plugin CableComponent
LogPluginManager: Mounting plugin ChunkDownloader
LogPluginManager: Mounting plugin CustomMeshComponent
LogPluginManager: Mounting plugin EditableMesh
LogPluginManager: Mounting plugin ExampleDeviceProfileSelector
LogPluginManager: Mounting plugin GoogleCloudMessaging
LogPluginManager: Mounting plugin GooglePAD
LogPluginManager: Mounting plugin ScreenshotTools
LogPluginManager: Mounting plugin IOSDeviceProfileSelector
LogPluginManager: Mounting plugin LinuxDeviceProfileSelector
LogPluginManager: Mounting plugin LocationServicesBPLibrary
LogPluginManager: Mounting plugin MobilePatchingUtils
LogPluginManager: Mounting plugin OpenXR
LogPluginManager: Mounting plugin OpenXREyeTracker
LogPluginManager: Mounting plugin OpenXRHandTracking
LogPluginManager: Mounting plugin PhysXVehicles
LogPluginManager: Mounting plugin PostSplashScreen
LogPluginManager: Mounting plugin Takes
LogPluginManager: Mounting plugin ProceduralMeshComponent
LogPluginManager: Mounting plugin PropertyAccessEditor
LogPluginManager: Mounting plugin SignificanceManager
LogPluginManager: Mounting plugin RuntimePhysXCooking
LogPluginManager: Mounting plugin SoundFields
LogPluginManager: Mounting plugin Synthesis
LogPluginManager: Mounting plugin WebMMoviePlayer
LogPluginManager: Mounting plugin WindowsMoviePlayer
LogPluginManager: Mounting plugin LiveLink
LogPluginManager: Mounting plugin ContentBrowserAssetDataSource
LogPluginManager: Mounting plugin ContentBrowserClassDataSource
LogPluginManager: Mounting plugin ContentBrowserFileDataSource
LogPluginManager: Mounting plugin OnlineSubsystemGooglePlay
LogPluginManager: Mounting plugin OnlineSubsystemIOS
LogPluginManager: Mounting plugin OculusVR
LogPluginManager: Mounting plugin SteamVR
PixWinPlugin: PIX capture plugin failed to initialize! Check that the process is launched from PIX.
LogInit: Using libcurl 7.55.1-DEV
LogInit:  - built for x86_64-pc-win32
LogInit:  - supports SSL with OpenSSL/1.1.1
LogInit:  - supports HTTP deflate (compression) using libz 1.2.8
LogInit:  - other features:
LogInit:      CURL_VERSION_SSL
LogInit:      CURL_VERSION_LIBZ
LogInit:      CURL_VERSION_IPV6
LogInit:      CURL_VERSION_ASYNCHDNS
LogInit:      CURL_VERSION_LARGEFILE
LogInit:      CURL_VERSION_IDN
LogInit:  CurlRequestOptions (configurable via config and command line):
LogInit:  - bVerifyPeer = true  - Libcurl will verify peer certificate
LogInit:  - bUseHttpProxy = false  - Libcurl will NOT use HTTP proxy
LogInit:  - bDontReuseConnections = false  - Libcurl will reuse connections
LogInit:  - MaxHostConnections = 16  - Libcurl will limit the number of connections to a host
LogInit:  - LocalHostAddr = Default
LogInit:  - BufferSize = 65536
LogOnline: OSS: Creating online subsystem instance for: NULL
LogInit: WinSock: version 1.1 (2.2), MaxSocks=32767, MaxUdp=65467
LogOnline: OSS: TryLoadSubsystemAndSetDefault: Loaded subsystem for module [NULL]
LogOculusPluginWrapper: OculusPlugin initialized successfully
LogHMD: Failed initializing OVRPlugin 1.59.0
LogInit: Build: ++UE4+Release-4.27-CL-17155196
LogInit: Engine Version: 4.27.0-17155196+++UE4+Release-4.27
LogInit: Compatible Engine Version: 4.27.0-17155196+++UE4+Release-4.27
LogInit: Net CL: 17155196
LogInit: OS: Windows 10 (Release 2009) (), CPU: Intel(R) Core(TM) i7-8700 CPU @ 3.20GHz, GPU: NVIDIA GeForce GTX 1080
LogInit: Compiled (64-bit): Aug 13 2021 06:13:13
LogInit: Compiled with Visual C++: 19.24.28315.00
LogInit: Build Configuration: Development
LogInit: Branch Name: ++UE4+Release-4.27
LogInit: Command Line:  /Game/UI_and_UI_Assets/MainMenu/Main_Menu -game -PIEVIACONSOLE -Multiprocess GameUserSettingsINI=D:/student/gor18471275/Downloads/ProjectInfection/Saved/Config/Windows/PIEGameUserSettings0.ini -MultiprocessSaveConfig -forcepassthrough -messaging -SessionName="Play in Standalone Game" -windowed -WinX=0 -WinY=24 SAVEWINPOS=1 -ResX=1910 -ResY=1126
LogInit: Base Directory: C:/Program Files/Epic Games/UE_4.27/Engine/Binaries/Win64/
LogInit: Allocator: TBB
LogInit: Installed Engine Build: 1
LogDevObjectVersion: Number of dev versions registered: 29
LogDevObjectVersion:   Dev-Blueprints (B0D832E4-1F89-4F0D-ACCF-7EB736FD4AA2): 10
LogDevObjectVersion:   Dev-Build (E1C64328-A22C-4D53-A36C-8E866417BD8C): 0
LogDevObjectVersion:   Dev-Core (375EC13C-06E4-48FB-B500-84F0262A717E): 4
LogDevObjectVersion:   Dev-Editor (E4B068ED-F494-42E9-A231-DA0B2E46BB41): 40
LogDevObjectVersion:   Dev-Framework (CFFC743F-43B0-4480-9391-14DF171D2073): 37
LogDevObjectVersion:   Dev-Mobile (B02B49B5-BB20-44E9-A304-32B752E40360): 3
LogDevObjectVersion:   Dev-Networking (A4E4105C-59A1-49B5-A7C5-40C4547EDFEE): 0
LogDevObjectVersion:   Dev-Online (39C831C9-5AE6-47DC-9A44-9C173E1C8E7C): 0
LogDevObjectVersion:   Dev-Physics (78F01B33-EBEA-4F98-B9B4-84EACCB95AA2): 14
LogDevObjectVersion:   Dev-Platform (6631380F-2D4D-43E0-8009-CF276956A95A): 0
LogDevObjectVersion:   Dev-Rendering (12F88B9F-8875-4AFC-A67C-D90C383ABD29): 45
LogDevObjectVersion:   Dev-Sequencer (7B5AE74C-D270-4C10-A958-57980B212A5A): 13
LogDevObjectVersion:   Dev-VR (D7296918-1DD6-4BDD-9DE2-64A83CC13884): 3
LogDevObjectVersion:   Dev-LoadTimes (C2A15278-BFE7-4AFE-6C17-90FF531DF755): 1
LogDevObjectVersion:   Private-Geometry (6EACA3D4-40EC-4CC1-B786-8BED09428FC5): 3
LogDevObjectVersion:   Dev-AnimPhys (29E575DD-E0A3-4627-9D10-D276232CDCEA): 17
LogDevObjectVersion:   Dev-Anim (AF43A65D-7FD3-4947-9873-3E8ED9C1BB05): 15
LogDevObjectVersion:   Dev-ReflectionCapture (6B266CEC-1EC7-4B8F-A30B-E4D90942FC07): 1
LogDevObjectVersion:   Dev-Automation (0DF73D61-A23F-47EA-B727-89E90C41499A): 1
LogDevObjectVersion:   FortniteMain (601D1886-AC64-4F84-AA16-D3DE0DEAC7D6): 47
LogDevObjectVersion:   FortniteRelease (E7086368-6B23-4C58-8439-1B7016265E91): 1
LogDevObjectVersion:   Dev-Enterprise (9DFFBCD6-494F-0158-E221-12823C92A888): 10
LogDevObjectVersion:   Dev-Niagara (F2AED0AC-9AFE-416F-8664-AA7FFA26D6FC): 1
LogDevObjectVersion:   Dev-Destruction (174F1F0B-B4C6-45A5-B13F-2EE8D0FB917D): 10
LogDevObjectVersion:   Dev-Physics-Ext (35F94A83-E258-406C-A318-09F59610247C): 41
LogDevObjectVersion:   Dev-PhysicsMaterial-Chaos (B68FC16E-8B1B-42E2-B453-215C058844FE): 1
LogDevObjectVersion:   Dev-CineCamera (B2E18506-4273-CFC2-A54E-F4BB758BBA07): 1
LogDevObjectVersion:   Dev-VirtualProduction (64F58936-FD1B-42BA-BA96-7289D5D0FA4E): 1
LogDevObjectVersion:   Dev-MediaFramework (6F0ED827-A609-4895-9C91-998D90180EA4): 2
LogInit: Presizing for max 25165824 objects, including 0 objects not considered by GC, pre-allocating 0 bytes for permanent pool.
LogConfig: Applying CVar settings from Section [/Script/Engine.StreamingSettings] File [D:/student/gor18471275/Downloads/ProjectInfection/Saved/Config/Windows/Engine.ini]
LogConfig: Setting CVar [[s.MinBulkDataSizeForAsyncLoading:131072]]
LogConfig: Setting CVar [[s.AsyncLoadingThreadEnabled:0]]
LogConfig: Setting CVar [[s.EventDrivenLoaderEnabled:1]]
LogConfig: Setting CVar [[s.WarnIfTimeLimitExceeded:0]]
LogConfig: Setting CVar [[s.TimeLimitExceededMultiplier:1.5]]
LogConfig: Setting CVar [[s.TimeLimitExceededMinTime:0.005]]
LogConfig: Setting CVar [[s.UseBackgroundLevelStreaming:1]]
LogConfig: Setting CVar [[s.PriorityAsyncLoadingExtraTime:15.0]]
LogConfig: Setting CVar [[s.LevelStreamingActorsUpdateTimeLimit:5.0]]
LogConfig: Setting CVar [[s.PriorityLevelStreamingActorsUpdateExtraTime:5.0]]
LogConfig: Setting CVar [[s.LevelStreamingComponentsRegistrationGranularity:10]]
LogConfig: Setting CVar [[s.UnregisterComponentsTimeLimit:1.0]]
LogConfig: Setting CVar [[s.LevelStreamingComponentsUnregistrationGranularity:5]]
LogConfig: Setting CVar [[s.FlushStreamingOnExit:1]]
LogInit: Object subsystem initialized
LogConfig: Setting CVar [[con.DebugEarlyDefault:1]]
LogConfig: Setting CVar [[r.setres:1280x720]]
[2021.11.24-13.29.13:569][  0]LogConfig: Setting CVar [[con.DebugEarlyDefault:1]]
[2021.11.24-13.29.13:569][  0]LogConfig: Setting CVar [[r.setres:1280x720]]
[2021.11.24-13.29.13:569][  0]LogConfig: Applying CVar settings from Section [/Script/Engine.RendererSettings] File [D:/student/gor18471275/Downloads/ProjectInfection/Saved/Config/Windows/Engine.ini]
[2021.11.24-13.29.13:569][  0]LogConfig: Setting CVar [[r.GPUCrashDebugging:0]]
[2021.11.24-13.29.13:569][  0]LogConfig: Applying CVar settings from Section [/Script/Engine.RendererOverrideSettings] File [D:/student/gor18471275/Downloads/ProjectInfection/Saved/Config/Windows/Engine.ini]
[2021.11.24-13.29.13:569][  0]LogConfig: Applying CVar settings from Section [/Script/Engine.StreamingSettings] File [D:/student/gor18471275/Downloads/ProjectInfection/Saved/Config/Windows/Engine.ini]
[2021.11.24-13.29.13:569][  0]LogConfig: Setting CVar [[s.MinBulkDataSizeForAsyncLoading:131072]]
[2021.11.24-13.29.13:569][  0]LogConfig: Setting CVar [[s.AsyncLoadingThreadEnabled:0]]
[2021.11.24-13.29.13:569][  0]LogConfig: Setting CVar [[s.EventDrivenLoaderEnabled:1]]
[2021.11.24-13.29.13:569][  0]LogConfig: Setting CVar [[s.WarnIfTimeLimitExceeded:0]]
[2021.11.24-13.29.13:569][  0]LogConfig: Setting CVar [[s.TimeLimitExceededMultiplier:1.5]]
[2021.11.24-13.29.13:570][  0]LogConfig: Setting CVar [[s.TimeLimitExceededMinTime:0.005]]
[2021.11.24-13.29.13:570][  0]LogConfig: Setting CVar [[s.UseBackgroundLevelStreaming:1]]
[2021.11.24-13.29.13:570][  0]LogConfig: Setting CVar [[s.PriorityAsyncLoadingExtraTime:15.0]]
[2021.11.24-13.29.13:570][  0]LogConfig: Setting CVar [[s.LevelStreamingActorsUpdateTimeLimit:5.0]]
[2021.11.24-13.29.13:570][  0]LogConfig: Setting CVar [[s.PriorityLevelStreamingActorsUpdateExtraTime:5.0]]
[2021.11.24-13.29.13:570][  0]LogConfig: Setting CVar [[s.LevelStreamingComponentsRegistrationGranularity:10]]
[2021.11.24-13.29.13:570][  0]LogConfig: Setting CVar [[s.UnregisterComponentsTimeLimit:1.0]]
[2021.11.24-13.29.13:570][  0]LogConfig: Setting CVar [[s.LevelStreamingComponentsUnregistrationGranularity:5]]
[2021.11.24-13.29.13:570][  0]LogConfig: Setting CVar [[s.FlushStreamingOnExit:1]]
[2021.11.24-13.29.13:570][  0]LogConfig: Applying CVar settings from Section [/Script/Engine.GarbageCollectionSettings] File [D:/student/gor18471275/Downloads/ProjectInfection/Saved/Config/Windows/Engine.ini]
[2021.11.24-13.29.13:570][  0]LogConfig: Setting CVar [[gc.MaxObjectsNotConsideredByGC:1]]
[2021.11.24-13.29.13:570][  0]LogConfig: Setting CVar [[gc.SizeOfPermanentObjectPool:0]]
[2021.11.24-13.29.13:570][  0]LogConfig: Setting CVar [[gc.FlushStreamingOnGC:0]]
[2021.11.24-13.29.13:570][  0]LogConfig: Setting CVar [[gc.NumRetriesBeforeForcingGC:10]]
[2021.11.24-13.29.13:570][  0]LogConfig: Setting CVar [[gc.AllowParallelGC:1]]
[2021.11.24-13.29.13:570][  0]LogConfig: Setting CVar [[gc.TimeBetweenPurgingPendingKillObjects:61.1]]
[2021.11.24-13.29.13:570][  0]LogConfig: Setting CVar [[gc.MaxObjectsInEditor:25165824]]
[2021.11.24-13.29.13:570][  0]LogConfig: Setting CVar [[gc.IncrementalBeginDestroyEnabled:1]]
[2021.11.24-13.29.13:570][  0]LogConfig: Setting CVar [[gc.CreateGCClusters:1]]
[2021.11.24-13.29.13:570][  0]LogConfig: Setting CVar [[gc.MinGCClusterSize:5]]
[2021.11.24-13.29.13:570][  0]LogConfig: Setting CVar [[gc.ActorClusteringEnabled:0]]
[2021.11.24-13.29.13:570][  0]LogConfig: Setting CVar [[gc.BlueprintClusteringEnabled:0]]
[2021.11.24-13.29.13:570][  0]LogConfig: Setting CVar [[gc.UseDisregardForGCOnDedicatedServers:0]]
[2021.11.24-13.29.13:570][  0]LogConfig: Setting CVar [[gc.MultithreadedDestructionEnabled:1]]
[2021.11.24-13.29.13:570][  0]LogConfig: Applying CVar settings from Section [/Script/Engine.NetworkSettings] File [D:/student/gor18471275/Downloads/ProjectInfection/Saved/Config/Windows/Engine.ini]
[2021.11.24-13.29.13:570][  0]LogConfig: Applying CVar settings from Section [/Script/UnrealEd.CookerSettings] File [D:/student/gor18471275/Downloads/ProjectInfection/Saved/Config/Windows/Engine.ini]
[2021.11.24-13.29.13:583][  0]LogConfig: Applying CVar settings from Section [ViewDistanceQuality@3] File [D:/student/gor18471275/Downloads/ProjectInfection/Saved/Config/Windows/Scalability.ini]
[2021.11.24-13.29.13:583][  0]LogConfig: Setting CVar [[r.SkeletalMeshLODBias:0]]
[2021.11.24-13.29.13:583][  0]LogConfig: Setting CVar [[r.ViewDistanceScale:1.0]]
[2021.11.24-13.29.13:583][  0]LogConfig: Applying CVar settings from Section [AntiAliasingQuality@3] File [D:/student/gor18471275/Downloads/ProjectInfection/Saved/Config/Windows/Scalability.ini]
[2021.11.24-13.29.13:583][  0]LogConfig: Setting CVar [[r.PostProcessAAQuality:4]]
[2021.11.24-13.29.13:583][  0]LogConfig: Applying CVar settings from Section [ShadowQuality@3] File [D:/student/gor18471275/Downloads/ProjectInfection/Saved/Config/Windows/Scalability.ini]
[2021.11.24-13.29.13:583][  0]LogConfig: Setting CVar [[r.LightFunctionQuality:1]]
[2021.11.24-13.29.13:583][  0]LogConfig: Setting CVar [[r.ShadowQuality:5]]
[2021.11.24-13.29.13:583][  0]LogConfig: Setting CVar [[r.Shadow.CSM.MaxCascades:10]]
[2021.11.24-13.29.13:583][  0]LogConfig: Setting CVar [[r.Shadow.MaxResolution:2048]]
[2021.11.24-13.29.13:583][  0]LogConfig: Setting CVar [[r.Shadow.MaxCSMResolution:2048]]
[2021.11.24-13.29.13:583][  0]LogConfig: Setting CVar [[r.Shadow.RadiusThreshold:0.01]]
[2021.11.24-13.29.13:583][  0]LogConfig: Setting CVar [[r.Shadow.DistanceScale:1.0]]
[2021.11.24-13.29.13:583][  0]LogConfig: Setting CVar [[r.Shadow.CSM.TransitionScale:1.0]]
[2021.11.24-13.29.13:583][  0]LogConfig: Setting CVar [[r.Shadow.PreShadowResolutionFactor:1.0]]
[2021.11.24-13.29.13:583][  0]LogConfig: Setting CVar [[r.DistanceFieldShadowing:1]]
[2021.11.24-13.29.13:583][  0]LogConfig: Setting CVar [[r.DistanceFieldAO:1]]
[2021.11.24-13.29.13:583][  0]LogConfig: Setting CVar [[r.AOQuality:2]]
[2021.11.24-13.29.13:583][  0]LogConfig: Setting CVar [[r.VolumetricFog:1]]
[2021.11.24-13.29.13:583][  0]LogConfig: Setting CVar [[r.VolumetricFog.GridPixelSize:8]]
[2021.11.24-13.29.13:583][  0]LogConfig: Setting CVar [[r.VolumetricFog.GridSizeZ:128]]
[2021.11.24-13.29.13:583][  0]LogConfig: Setting CVar [[r.VolumetricFog.HistoryMissSupersampleCount:4]]
[2021.11.24-13.29.13:583][  0]LogConfig: Setting CVar [[r.LightMaxDrawDistanceScale:1]]
[2021.11.24-13.29.13:583][  0]LogConfig: Setting CVar [[r.CapsuleShadows:1]]
[2021.11.24-13.29.13:583][  0]LogConfig: Applying CVar settings from Section [PostProcessQuality@3] File [D:/student/gor18471275/Downloads/ProjectInfection/Saved/Config/Windows/Scalability.ini]
[2021.11.24-13.29.13:583][  0]LogConfig: Setting CVar [[r.MotionBlurQuality:4]]
[2021.11.24-13.29.13:583][  0]LogConfig: Setting CVar [[r.AmbientOcclusionMipLevelFactor:0.4]]
[2021.11.24-13.29.13:583][  0]LogConfig: Setting CVar [[r.AmbientOcclusionMaxQuality:100]]
[2021.11.24-13.29.13:583][  0]LogConfig: Setting CVar [[r.AmbientOcclusionLevels:-1]]
[2021.11.24-13.29.13:583][  0]LogConfig: Setting CVar [[r.AmbientOcclusionRadiusScale:1.0]]
[2021.11.24-13.29.13:583][  0]LogConfig: Setting CVar [[r.DepthOfFieldQuality:2]]
[2021.11.24-13.29.13:583][  0]LogConfig: Setting CVar [[r.RenderTargetPoolMin:400]]
[2021.11.24-13.29.13:583][  0]LogConfig: Setting CVar [[r.LensFlareQuality:2]]
[2021.11.24-13.29.13:583][  0]LogConfig: Setting CVar [[r.SceneColorFringeQuality:1]]
[2021.11.24-13.29.13:583][  0]LogConfig: Setting CVar [[r.EyeAdaptationQuality:2]]
[2021.11.24-13.29.13:583][  0]LogConfig: Setting CVar [[r.BloomQuality:5]]
[2021.11.24-13.29.13:583][  0]LogConfig: Setting CVar [[r.FastBlurThreshold:100]]
[2021.11.24-13.29.13:583][  0]LogConfig: Setting CVar [[r.Upscale.Quality:3]]
[2021.11.24-13.29.13:583][  0]LogConfig: Setting CVar [[r.Tonemapper.GrainQuantization:1]]
[2021.11.24-13.29.13:583][  0]LogConfig: Setting CVar [[r.LightShaftQuality:1]]
[2021.11.24-13.29.13:583][  0]LogConfig: Setting CVar [[r.Filter.SizeScale:1]]
[2021.11.24-13.29.13:583][  0]LogConfig: Setting CVar [[r.Tonemapper.Quality:5]]
[2021.11.24-13.29.13:583][  0]LogConfig: Setting CVar [[r.DOF.Gather.AccumulatorQuality:1        ; higher gathering accumulator quality]]
[2021.11.24-13.29.13:583][  0]LogConfig: Setting CVar [[r.DOF.Gather.PostfilterMethod:1          ; Median3x3 postfilering method]]
[2021.11.24-13.29.13:583][  0]LogConfig: Setting CVar [[r.DOF.Gather.EnableBokehSettings:0       ; no bokeh simulation when gathering]]
[2021.11.24-13.29.13:583][  0]LogConfig: Setting CVar [[r.DOF.Gather.RingCount:4                 ; medium number of samples when gathering]]
[2021.11.24-13.29.13:583][  0]LogConfig: Setting CVar [[r.DOF.Scatter.ForegroundCompositing:1    ; additive foreground scattering]]
[2021.11.24-13.29.13:583][  0]LogConfig: Setting CVar [[r.DOF.Scatter.BackgroundCompositing:2    ; additive background scattering]]
[2021.11.24-13.29.13:583][  0]LogConfig: Setting CVar [[r.DOF.Scatter.EnableBokehSettings:1      ; bokeh simulation when scattering]]
[2021.11.24-13.29.13:583][  0]LogConfig: Setting CVar [[r.DOF.Scatter.MaxSpriteRatio:0.1         ; only a maximum of 10% of scattered bokeh]]
[2021.11.24-13.29.13:583][  0]LogConfig: Setting CVar [[r.DOF.Recombine.Quality:1                ; cheap slight out of focus]]
[2021.11.24-13.29.13:583][  0]LogConfig: Setting CVar [[r.DOF.Recombine.EnableBokehSettings:0    ; no bokeh simulation on slight out of focus]]
[2021.11.24-13.29.13:583][  0]LogConfig: Setting CVar [[r.DOF.TemporalAAQuality:1                ; more stable temporal accumulation]]
[2021.11.24-13.29.13:583][  0]LogConfig: Setting CVar [[r.DOF.Kernel.MaxForegroundRadius:0.025]]
[2021.11.24-13.29.13:583][  0]LogConfig: Setting CVar [[r.DOF.Kernel.MaxBackgroundRadius:0.025]]
[2021.11.24-13.29.13:583][  0]LogConfig: Applying CVar settings from Section [TextureQuality@3] File [D:/student/gor18471275/Downloads/ProjectInfection/Saved/Config/Windows/Scalability.ini]
[2021.11.24-13.29.13:583][  0]LogConfig: Setting CVar [[r.Streaming.MipBias:0]]
[2021.11.24-13.29.13:583][  0]LogConfig: Setting CVar [[r.Streaming.AmortizeCPUToGPUCopy:0]]
[2021.11.24-13.29.13:583][  0]LogConfig: Setting CVar [[r.Streaming.MaxNumTexturesToStreamPerFrame:0]]
[2021.11.24-13.29.13:583][  0]LogConfig: Setting CVar [[r.Streaming.Boost:1]]
[2021.11.24-13.29.13:583][  0]LogConfig: Setting CVar [[r.MaxAnisotropy:8]]
[2021.11.24-13.29.13:583][  0]LogConfig: Setting CVar [[r.VT.MaxAnisotropy:8]]
[2021.11.24-13.29.13:583][  0]LogConfig: Setting CVar [[r.Streaming.LimitPoolSizeToVRAM:0]]
[2021.11.24-13.29.13:583][  0]LogConfig: Setting CVar [[r.Streaming.PoolSize:1000]]
[2021.11.24-13.29.13:583][  0]LogConfig: Setting CVar [[r.Streaming.MaxEffectiveScreenSize:0]]
[2021.11.24-13.29.13:583][  0]LogConfig: Applying CVar settings from Section [EffectsQuality@3] File [D:/student/gor18471275/Downloads/ProjectInfection/Saved/Config/Windows/Scalability.ini]
[2021.11.24-13.29.13:583][  0]LogConfig: Setting CVar [[r.TranslucencyLightingVolumeDim:64]]
[2021.11.24-13.29.13:583][  0]LogConfig: Setting CVar [[r.RefractionQuality:2]]
[2021.11.24-13.29.13:583][  0]LogConfig: Setting CVar [[r.SSR.Quality:3]]
[2021.11.24-13.29.13:583][  0]LogConfig: Setting CVar [[r.SSR.HalfResSceneColor:0]]
[2021.11.24-13.29.13:583][  0]LogConfig: Setting CVar [[r.SceneColorFormat:4]]
[2021.11.24-13.29.13:583][  0]LogConfig: Setting CVar [[r.DetailMode:2]]
[2021.11.24-13.29.13:583][  0]LogConfig: Setting CVar [[r.TranslucencyVolumeBlur:1]]
[2021.11.24-13.29.13:583][  0]LogConfig: Setting CVar [[r.MaterialQualityLevel:1 ; High quality]]
[2021.11.24-13.29.13:583][  0]LogConfig: Setting CVar [[r.AnisotropicMaterials:1]]
[2021.11.24-13.29.13:583][  0]LogConfig: Setting CVar [[r.SSS.Scale:1]]
[2021.11.24-13.29.13:583][  0]LogConfig: Setting CVar [[r.SSS.SampleSet:2]]
[2021.11.24-13.29.13:583][  0]LogConfig: Setting CVar [[r.SSS.Quality:1]]
[2021.11.24-13.29.13:583][  0]LogConfig: Setting CVar [[r.SSS.HalfRes:0]]
[2021.11.24-13.29.13:583][  0]LogConfig: Setting CVar [[r.SSGI.Quality:3]]
[2021.11.24-13.29.13:583][  0]LogConfig: Setting CVar [[r.EmitterSpawnRateScale:1.0]]
[2021.11.24-13.29.13:583][  0]LogConfig: Setting CVar [[r.ParticleLightQuality:2]]
[2021.11.24-13.29.13:583][  0]LogConfig: Setting CVar [[r.SkyAtmosphere.AerialPerspectiveLUT.FastApplyOnOpaque:1 ; Always have FastSkyLUT 1 in this case to avoid wrong sky]]
[2021.11.24-13.29.13:583][  0]LogConfig: Setting CVar [[r.SkyAtmosphere.AerialPerspectiveLUT.SampleCountMaxPerSlice:4]]
[2021.11.24-13.29.13:583][  0]LogConfig: Setting CVar [[r.SkyAtmosphere.AerialPerspectiveLUT.DepthResolution:16.0]]
[2021.11.24-13.29.13:583][  0]LogConfig: Setting CVar [[r.SkyAtmosphere.FastSkyLUT:1]]
[2021.11.24-13.29.13:583][  0]LogConfig: Setting CVar [[r.SkyAtmosphere.FastSkyLUT.SampleCountMin:4.0]]
[2021.11.24-13.29.13:584][  0]LogConfig: Setting CVar [[r.SkyAtmosphere.FastSkyLUT.SampleCountMax:128.0]]
[2021.11.24-13.29.13:584][  0]LogConfig: Setting CVar [[r.SkyAtmosphere.SampleCountMin:4.0]]
[2021.11.24-13.29.13:584][  0]LogConfig: Setting CVar [[r.SkyAtmosphere.SampleCountMax:128.0]]
[2021.11.24-13.29.13:584][  0]LogConfig: Setting CVar [[r.SkyAtmosphere.TransmittanceLUT.UseSmallFormat:0]]
[2021.11.24-13.29.13:584][  0]LogConfig: Setting CVar [[r.SkyAtmosphere.TransmittanceLUT.SampleCount:10.0]]
[2021.11.24-13.29.13:584][  0]LogConfig: Setting CVar [[r.SkyAtmosphere.MultiScatteringLUT.SampleCount:15.0]]
[2021.11.24-13.29.13:584][  0]LogConfig: Setting CVar [[r.SkyLight.RealTimeReflectionCapture:1]]
[2021.11.24-13.29.13:584][  0]LogConfig: Applying CVar settings from Section [FoliageQuality@3] File [D:/student/gor18471275/Downloads/ProjectInfection/Saved/Config/Windows/Scalability.ini]
[2021.11.24-13.29.13:584][  0]LogConfig: Setting CVar [[foliage.DensityScale:1.0]]
[2021.11.24-13.29.13:584][  0]LogConfig: Setting CVar [[grass.DensityScale:1.0]]
[2021.11.24-13.29.13:584][  0]LogConfig: Applying CVar settings from Section [ShadingQuality@3] File [D:/student/gor18471275/Downloads/ProjectInfection/Saved/Config/Windows/Scalability.ini]
[2021.11.24-13.29.13:584][  0]LogConfig: Setting CVar [[r.HairStrands.SkyLighting.IntegrationType:2]]
[2021.11.24-13.29.13:584][  0]LogConfig: Setting CVar [[r.HairStrands.SkyAO.SampleCount:4]]
[2021.11.24-13.29.13:584][  0]LogConfig: Setting CVar [[r.HairStrands.Visibility.MSAA.SamplePerPixel:4]]
[2021.11.24-13.29.13:584][  0]LogInit: Selected Device Profile: [Windows]
[2021.11.24-13.29.13:584][  0]LogInit: Applying CVar settings loaded from the selected device profile: [Windows]
[2021.11.24-13.29.13:584][  0]LogHAL: Display: Platform has ~ 32 GB [34157613056 / 34359738368 / 32], which maps to Largest [LargestMinGB=32, LargerMinGB=12, DefaultMinGB=8, SmallerMinGB=6, SmallestMinGB=0)
[2021.11.24-13.29.13:584][  0]LogInit: Going up to parent DeviceProfile []
[2021.11.24-13.29.13:584][  0]LogConfig: Applying CVar settings from Section [ViewDistanceQuality@3] File [D:/student/gor18471275/Downloads/ProjectInfection/Saved/Config/Windows/Scalability.ini]
[2021.11.24-13.29.13:584][  0]LogConfig: Setting CVar [[r.SkeletalMeshLODBias:0]]
[2021.11.24-13.29.13:584][  0]LogConfig: Setting CVar [[r.ViewDistanceScale:1.0]]
[2021.11.24-13.29.13:584][  0]LogConfig: Applying CVar settings from Section [AntiAliasingQuality@3] File [D:/student/gor18471275/Downloads/ProjectInfection/Saved/Config/Windows/Scalability.ini]
[2021.11.24-13.29.13:584][  0]LogConfig: Setting CVar [[r.PostProcessAAQuality:4]]
[2021.11.24-13.29.13:584][  0]LogConfig: Applying CVar settings from Section [ShadowQuality@3] File [D:/student/gor18471275/Downloads/ProjectInfection/Saved/Config/Windows/Scalability.ini]
[2021.11.24-13.29.13:584][  0]LogConfig: Setting CVar [[r.LightFunctionQuality:1]]
[2021.11.24-13.29.13:584][  0]LogConfig: Setting CVar [[r.ShadowQuality:5]]
[2021.11.24-13.29.13:584][  0]LogConfig: Setting CVar [[r.Shadow.CSM.MaxCascades:10]]
[2021.11.24-13.29.13:584][  0]LogConfig: Setting CVar [[r.Shadow.MaxResolution:2048]]
[2021.11.24-13.29.13:584][  0]LogConfig: Setting CVar [[r.Shadow.MaxCSMResolution:2048]]
[2021.11.24-13.29.13:584][  0]LogConfig: Setting CVar [[r.Shadow.RadiusThreshold:0.01]]
[2021.11.24-13.29.13:584][  0]LogConfig: Setting CVar [[r.Shadow.DistanceScale:1.0]]
[2021.11.24-13.29.13:584][  0]LogConfig: Setting CVar [[r.Shadow.CSM.TransitionScale:1.0]]
[2021.11.24-13.29.13:584][  0]LogConfig: Setting CVar [[r.Shadow.PreShadowResolutionFactor:1.0]]
[2021.11.24-13.29.13:584][  0]LogConfig: Setting CVar [[r.DistanceFieldShadowing:1]]
[2021.11.24-13.29.13:584][  0]LogConfig: Setting CVar [[r.DistanceFieldAO:1]]
[2021.11.24-13.29.13:584][  0]LogConfig: Setting CVar [[r.AOQuality:2]]
[2021.11.24-13.29.13:584][  0]LogConfig: Setting CVar [[r.VolumetricFog:1]]
[2021.11.24-13.29.13:584][  0]LogConfig: Setting CVar [[r.VolumetricFog.GridPixelSize:8]]
[2021.11.24-13.29.13:584][  0]LogConfig: Setting CVar [[r.VolumetricFog.GridSizeZ:128]]
[2021.11.24-13.29.13:584][  0]LogConfig: Setting CVar [[r.VolumetricFog.HistoryMissSupersampleCount:4]]
[2021.11.24-13.29.13:584][  0]LogConfig: Setting CVar [[r.LightMaxDrawDistanceScale:1]]
[2021.11.24-13.29.13:584][  0]LogConfig: Setting CVar [[r.CapsuleShadows:1]]
[2021.11.24-13.29.13:584][  0]LogConfig: Applying CVar settings from Section [PostProcessQuality@3] File [D:/student/gor18471275/Downloads/ProjectInfection/Saved/Config/Windows/Scalability.ini]
[2021.11.24-13.29.13:584][  0]LogConfig: Setting CVar [[r.MotionBlurQuality:4]]
[2021.11.24-13.29.13:584][  0]LogConfig: Setting CVar [[r.AmbientOcclusionMipLevelFactor:0.4]]
[2021.11.24-13.29.13:584][  0]LogConfig: Setting CVar [[r.AmbientOcclusionMaxQuality:100]]
[2021.11.24-13.29.13:584][  0]LogConfig: Setting CVar [[r.AmbientOcclusionLevels:-1]]
[2021.11.24-13.29.13:584][  0]LogConfig: Setting CVar [[r.AmbientOcclusionRadiusScale:1.0]]
[2021.11.24-13.29.13:584][  0]LogConfig: Setting CVar [[r.DepthOfFieldQuality:2]]
[2021.11.24-13.29.13:584][  0]LogConfig: Setting CVar [[r.RenderTargetPoolMin:400]]
[2021.11.24-13.29.13:584][  0]LogConfig: Setting CVar [[r.LensFlareQuality:2]]
[2021.11.24-13.29.13:584][  0]LogConfig: Setting CVar [[r.SceneColorFringeQuality:1]]
[2021.11.24-13.29.13:584][  0]LogConfig: Setting CVar [[r.EyeAdaptationQuality:2]]
[2021.11.24-13.29.13:584][  0]LogConfig: Setting CVar [[r.BloomQuality:5]]
[2021.11.24-13.29.13:584][  0]LogConfig: Setting CVar [[r.FastBlurThreshold:100]]
[2021.11.24-13.29.13:584][  0]LogConfig: Setting CVar [[r.Upscale.Quality:3]]
[2021.11.24-13.29.13:584][  0]LogConfig: Setting CVar [[r.Tonemapper.GrainQuantization:1]]
[2021.11.24-13.29.13:584][  0]LogConfig: Setting CVar [[r.LightShaftQuality:1]]
[2021.11.24-13.29.13:584][  0]LogConfig: Setting CVar [[r.Filter.SizeScale:1]]
[2021.11.24-13.29.13:584][  0]LogConfig: Setting CVar [[r.Tonemapper.Quality:5]]
[2021.11.24-13.29.13:584][  0]LogConfig: Setting CVar [[r.DOF.Gather.AccumulatorQuality:1        ; higher gathering accumulator quality]]
[2021.11.24-13.29.13:584][  0]LogConfig: Setting CVar [[r.DOF.Gather.PostfilterMethod:1          ; Median3x3 postfilering method]]
[2021.11.24-13.29.13:584][  0]LogConfig: Setting CVar [[r.DOF.Gather.EnableBokehSettings:0       ; no bokeh simulation when gathering]]
[2021.11.24-13.29.13:584][  0]LogConfig: Setting CVar [[r.DOF.Gather.RingCount:4                 ; medium number of samples when gathering]]
[2021.11.24-13.29.13:584][  0]LogConfig: Setting CVar [[r.DOF.Scatter.ForegroundCompositing:1    ; additive foreground scattering]]
[2021.11.24-13.29.13:584][  0]LogConfig: Setting CVar [[r.DOF.Scatter.BackgroundCompositing:2    ; additive background scattering]]
[2021.11.24-13.29.13:584][  0]LogConfig: Setting CVar [[r.DOF.Scatter.EnableBokehSettings:1      ; bokeh simulation when scattering]]
[2021.11.24-13.29.13:584][  0]LogConfig: Setting CVar [[r.DOF.Scatter.MaxSpriteRatio:0.1         ; only a maximum of 10% of scattered bokeh]]
[2021.11.24-13.29.13:584][  0]LogConfig: Setting CVar [[r.DOF.Recombine.Quality:1                ; cheap slight out of focus]]
[2021.11.24-13.29.13:584][  0]LogConfig: Setting CVar [[r.DOF.Recombine.EnableBokehSettings:0    ; no bokeh simulation on slight out of focus]]
[2021.11.24-13.29.13:584][  0]LogConfig: Setting CVar [[r.DOF.TemporalAAQuality:1                ; more stable temporal accumulation]]
[2021.11.24-13.29.13:584][  0]LogConfig: Setting CVar [[r.DOF.Kernel.MaxForegroundRadius:0.025]]
[2021.11.24-13.29.13:584][  0]LogConfig: Setting CVar [[r.DOF.Kernel.MaxBackgroundRadius:0.025]]
[2021.11.24-13.29.13:584][  0]LogConfig: Applying CVar settings from Section [TextureQuality@3] File [D:/student/gor18471275/Downloads/ProjectInfection/Saved/Config/Windows/Scalability.ini]
[2021.11.24-13.29.13:584][  0]LogConfig: Setting CVar [[r.Streaming.MipBias:0]]
[2021.11.24-13.29.13:584][  0]LogConfig: Setting CVar [[r.Streaming.AmortizeCPUToGPUCopy:0]]
[2021.11.24-13.29.13:584][  0]LogConfig: Setting CVar [[r.Streaming.MaxNumTexturesToStreamPerFrame:0]]
[2021.11.24-13.29.13:584][  0]LogConfig: Setting CVar [[r.Streaming.Boost:1]]
[2021.11.24-13.29.13:584][  0]LogConfig: Setting CVar [[r.MaxAnisotropy:8]]
[2021.11.24-13.29.13:584][  0]LogConfig: Setting CVar [[r.VT.MaxAnisotropy:8]]
[2021.11.24-13.29.13:584][  0]LogConfig: Setting CVar [[r.Streaming.LimitPoolSizeToVRAM:0]]
[2021.11.24-13.29.13:585][  0]LogConfig: Setting CVar [[r.Streaming.PoolSize:1000]]
[2021.11.24-13.29.13:585][  0]LogConfig: Setting CVar [[r.Streaming.MaxEffectiveScreenSize:0]]
[2021.11.24-13.29.13:585][  0]LogConfig: Applying CVar settings from Section [EffectsQuality@3] File [D:/student/gor18471275/Downloads/ProjectInfection/Saved/Config/Windows/Scalability.ini]
[2021.11.24-13.29.13:585][  0]LogConfig: Setting CVar [[r.TranslucencyLightingVolumeDim:64]]
[2021.11.24-13.29.13:585][  0]LogConfig: Setting CVar [[r.RefractionQuality:2]]
[2021.11.24-13.29.13:585][  0]LogConfig: Setting CVar [[r.SSR.Quality:3]]
[2021.11.24-13.29.13:585][  0]LogConfig: Setting CVar [[r.SSR.HalfResSceneColor:0]]
[2021.11.24-13.29.13:585][  0]LogConfig: Setting CVar [[r.SceneColorFormat:4]]
[2021.11.24-13.29.13:585][  0]LogConfig: Setting CVar [[r.DetailMode:2]]
[2021.11.24-13.29.13:585][  0]LogConfig: Setting CVar [[r.TranslucencyVolumeBlur:1]]
[2021.11.24-13.29.13:585][  0]LogConfig: Setting CVar [[r.MaterialQualityLevel:1 ; High quality]]
[2021.11.24-13.29.13:585][  0]LogConfig: Setting CVar [[r.AnisotropicMaterials:1]]
[2021.11.24-13.29.13:585][  0]LogConfig: Setting CVar [[r.SSS.Scale:1]]
[2021.11.24-13.29.13:585][  0]LogConfig: Setting CVar [[r.SSS.SampleSet:2]]
[2021.11.24-13.29.13:585][  0]LogConfig: Setting CVar [[r.SSS.Quality:1]]
[2021.11.24-13.29.13:585][  0]LogConfig: Setting CVar [[r.SSS.HalfRes:0]]
[2021.11.24-13.29.13:585][  0]LogConfig: Setting CVar [[r.SSGI.Quality:3]]
[2021.11.24-13.29.13:585][  0]LogConfig: Setting CVar [[r.EmitterSpawnRateScale:1.0]]
[2021.11.24-13.29.13:585][  0]LogConfig: Setting CVar [[r.ParticleLightQuality:2]]
[2021.11.24-13.29.13:585][  0]LogConfig: Setting CVar [[r.SkyAtmosphere.AerialPerspectiveLUT.FastApplyOnOpaque:1 ; Always have FastSkyLUT 1 in this case to avoid wrong sky]]
[2021.11.24-13.29.13:585][  0]LogConfig: Setting CVar [[r.SkyAtmosphere.AerialPerspectiveLUT.SampleCountMaxPerSlice:4]]
[2021.11.24-13.29.13:585][  0]LogConfig: Setting CVar [[r.SkyAtmosphere.AerialPerspectiveLUT.DepthResolution:16.0]]
[2021.11.24-13.29.13:585][  0]LogConfig: Setting CVar [[r.SkyAtmosphere.FastSkyLUT:1]]
[2021.11.24-13.29.13:585][  0]LogConfig: Setting CVar [[r.SkyAtmosphere.FastSkyLUT.SampleCountMin:4.0]]
[2021.11.24-13.29.13:585][  0]LogConfig: Setting CVar [[r.SkyAtmosphere.FastSkyLUT.SampleCountMax:128.0]]
[2021.11.24-13.29.13:585][  0]LogConfig: Setting CVar [[r.SkyAtmosphere.SampleCountMin:4.0]]
[2021.11.24-13.29.13:585][  0]LogConfig: Setting CVar [[r.SkyAtmosphere.SampleCountMax:128.0]]
[2021.11.24-13.29.13:585][  0]LogConfig: Setting CVar [[r.SkyAtmosphere.TransmittanceLUT.UseSmallFormat:0]]
[2021.11.24-13.29.13:585][  0]LogConfig: Setting CVar [[r.SkyAtmosphere.TransmittanceLUT.SampleCount:10.0]]
[2021.11.24-13.29.13:585][  0]LogConfig: Setting CVar [[r.SkyAtmosphere.MultiScatteringLUT.SampleCount:15.0]]
[2021.11.24-13.29.13:585][  0]LogConfig: Setting CVar [[r.SkyLight.RealTimeReflectionCapture:1]]
[2021.11.24-13.29.13:585][  0]LogConfig: Applying CVar settings from Section [FoliageQuality@3] File [D:/student/gor18471275/Downloads/ProjectInfection/Saved/Config/Windows/Scalability.ini]
[2021.11.24-13.29.13:585][  0]LogConfig: Setting CVar [[foliage.DensityScale:1.0]]
[2021.11.24-13.29.13:585][  0]LogConfig: Setting CVar [[grass.DensityScale:1.0]]
[2021.11.24-13.29.13:585][  0]LogConfig: Applying CVar settings from Section [ShadingQuality@3] File [D:/student/gor18471275/Downloads/ProjectInfection/Saved/Config/Windows/Scalability.ini]
[2021.11.24-13.29.13:585][  0]LogConfig: Setting CVar [[r.HairStrands.SkyLighting.IntegrationType:2]]
[2021.11.24-13.29.13:585][  0]LogConfig: Setting CVar [[r.HairStrands.SkyAO.SampleCount:4]]
[2021.11.24-13.29.13:585][  0]LogConfig: Setting CVar [[r.HairStrands.Visibility.MSAA.SamplePerPixel:4]]
[2021.11.24-13.29.13:585][  0]LogConfig: Applying CVar settings from Section [Startup] File [../../../Engine/Config/ConsoleVariables.ini]
[2021.11.24-13.29.13:585][  0]LogConfig: Setting CVar [[net.UseAdaptiveNetUpdateFrequency:0]]
[2021.11.24-13.29.13:585][  0]LogConfig: Setting CVar [[p.chaos.AllowCreatePhysxBodies:1]]
[2021.11.24-13.29.13:585][  0]LogConfig: Setting CVar [[fx.SkipVectorVMBackendOptimizations:1]]
[2021.11.24-13.29.13:585][  0]LogConfig: Applying CVar settings from Section [ConsoleVariables] File [D:/student/gor18471275/Downloads/ProjectInfection/Saved/Config/Windows/Engine.ini]
[2021.11.24-13.29.13:585][  0]LogConfig: Applying CVar settings from Section [ConsoleVariables] File [D:/student/gor18471275/Downloads/ProjectInfection/Saved/Config/Windows/Editor.ini]
[2021.11.24-13.29.13:585][  0]LogInit: Computer: L-M104-023373
[2021.11.24-13.29.13:585][  0]LogInit: User: gor18471275
[2021.11.24-13.29.13:585][  0]LogInit: CPU Page size=4096, Cores=6
[2021.11.24-13.29.13:585][  0]LogInit: High frequency timer resolution =10.000000 MHz
[2021.11.24-13.29.13:585][  0]LogMemory: Memory total: Physical=31.8GB (32GB approx)
[2021.11.24-13.29.13:585][  0]LogMemory: Platform Memory Stats for Windows
[2021.11.24-13.29.13:585][  0]LogMemory: Process Physical Memory: 142.97 MB used, 142.97 MB peak
[2021.11.24-13.29.13:585][  0]LogMemory: Process Virtual Memory: 129.72 MB used, 129.72 MB peak
[2021.11.24-13.29.13:585][  0]LogMemory: Physical Memory: 11837.61 MB used,  20737.63 MB free, 32575.24 MB total
[2021.11.24-13.29.13:585][  0]LogMemory: Virtual Memory: 134197368.00 MB used,  20357.61 MB free, 134217728.00 MB total
[2021.11.24-13.29.13:591][  0]LogWindows: WindowsPlatformFeatures enabled
[2021.11.24-13.29.13:613][  0]LogInit: Physics initialised using underlying interface: PhysX
[2021.11.24-13.29.13:614][  0]LogInit: Using OS detected language (en-GB).
[2021.11.24-13.29.13:614][  0]LogInit: Using OS detected locale (en-GB).
[2021.11.24-13.29.13:616][  0]LogTextLocalizationManager: No specific localization for 'en-GB' exists, so the 'en' localization will be used.
[2021.11.24-13.29.13:791][  0]LogWindowsTextInputMethodSystem: Display: IME system deactivated.
[2021.11.24-13.29.13:814][  0]LogSlate: New Slate User Created.  User Index 0, Is Virtual User: 0
[2021.11.24-13.29.13:814][  0]LogSlate: Slate User Registered.  User Index 0, Is Virtual User: 0
[2021.11.24-13.29.13:834][  0]LogD3D11RHI: Loaded GFSDK_Aftermath_Lib.x64.dll
[2021.11.24-13.29.13:838][  0]LogHMD: Failed to initialize OpenVR with code 110
[2021.11.24-13.29.13:838][  0]LogD3D11RHI: D3D11 min allowed feature level: 11_0
[2021.11.24-13.29.13:838][  0]LogD3D11RHI: D3D11 max allowed feature level: 11_0
[2021.11.24-13.29.13:838][  0]LogD3D11RHI: D3D11 adapters:
[2021.11.24-13.29.13:899][  0]LogD3D11RHI:    0. 'NVIDIA GeForce GTX 1080' (Feature Level 11_0)
[2021.11.24-13.29.13:899][  0]LogD3D11RHI:       8079/0/16287 MB DedicatedVideo/DedicatedSystem/SharedSystem, Outputs:2, VendorId:0x10de
[2021.11.24-13.29.13:948][  0]LogD3D11RHI:    1. 'Intel(R) UHD Graphics 630' (Feature Level 11_0)
[2021.11.24-13.29.13:948][  0]LogD3D11RHI:       128/0/16287 MB DedicatedVideo/DedicatedSystem/SharedSystem, Outputs:0, VendorId:0x8086
[2021.11.24-13.29.13:950][  0]LogD3D11RHI:    2. 'Microsoft Basic Render Driver' (Feature Level 11_0)
[2021.11.24-13.29.13:950][  0]LogD3D11RHI:       0/0/16287 MB DedicatedVideo/DedicatedSystem/SharedSystem, Outputs:0, VendorId:0x1414
[2021.11.24-13.29.13:950][  0]LogD3D11RHI: Chosen D3D11 Adapter: 0
[2021.11.24-13.29.13:957][  0]LogD3D11RHI: Creating new Direct3DDevice
[2021.11.24-13.29.13:957][  0]LogD3D11RHI:     GPU DeviceId: 0x1b80 (for the marketing name, search the web for "GPU Device Id")
[2021.11.24-13.29.13:957][  0]LogWindows: EnumDisplayDevices:
[2021.11.24-13.29.13:958][  0]LogWindows:    0. 'NVIDIA GeForce GTX 1080' (P:0 D:1)
[2021.11.24-13.29.13:958][  0]LogWindows:    1. 'NVIDIA GeForce GTX 1080' (P:1 D:1)
[2021.11.24-13.29.13:959][  0]LogWindows:    2. 'NVIDIA GeForce GTX 1080' (P:0 D:0)
[2021.11.24-13.29.13:959][  0]LogWindows:    3. 'NVIDIA GeForce GTX 1080' (P:0 D:0)
[2021.11.24-13.29.13:960][  0]LogWindows:    4. 'Intel(R) UHD Graphics 630' (P:0 D:0)
[2021.11.24-13.29.13:960][  0]LogWindows:    5. 'Intel(R) UHD Graphics 630' (P:0 D:0)
[2021.11.24-13.29.13:961][  0]LogWindows:    6. 'Intel(R) UHD Graphics 630' (P:0 D:0)
[2021.11.24-13.29.13:961][  0]LogWindows: DebugString: PrimaryIsNotTheChoosenAdapter PrimaryIsNotTheChoosenAdapter PrimaryIsNotTheChoosenAdapter FoundDriverCount:4 
[2021.11.24-13.29.13:961][  0]LogD3D11RHI:     Adapter Name: NVIDIA GeForce GTX 1080
[2021.11.24-13.29.13:961][  0]LogD3D11RHI:   Driver Version: 436.02 (internal:26.21.14.3602, unified:436.02)
[2021.11.24-13.29.13:961][  0]LogD3D11RHI:      Driver Date: 8-16-2019
[2021.11.24-13.29.13:962][  0]LogRHI: Texture pool is 5655 MB (70% of 8079 MB)
[2021.11.24-13.29.14:008][  0]LogD3D11RHI: RHI has support for 64 bit atomics
[2021.11.24-13.29.14:008][  0]LogD3D11RHI: Async texture creation enabled
[2021.11.24-13.29.14:008][  0]LogD3D11RHI: Array index from any shader is supported
[2021.11.24-13.29.14:069][  0]LogD3D11RHI: GPU Timing Frequency: 1000.000000 (Debug: 2 1)
[2021.11.24-13.29.14:124][  0]LogRHI: GeForceNow SDK initialized: 1
[2021.11.24-13.29.14:417][  0]LogTargetPlatformManager: Display: Loaded TargetPlatform 'WindowsNoEditor'
[2021.11.24-13.29.14:421][  0]LogTargetPlatformManager: Display: Loaded TargetPlatform 'Windows'
[2021.11.24-13.29.14:426][  0]LogTargetPlatformManager: Display: Loaded TargetPlatform 'WindowsClient'
[2021.11.24-13.29.14:430][  0]LogTargetPlatformManager: Display: Loaded TargetPlatform 'WindowsServer'
[2021.11.24-13.29.14:430][  0]LogTargetPlatformManager: Display: Building Assets For Windows
[2021.11.24-13.29.14:436][  0]LogAudioDebug: Display: Lib vorbis DLL was dynamically loaded.
[2021.11.24-13.29.14:464][  0]LogTextureFormatOodle: Display: Oodle Texture 2.9.0 init RDO Off
[2021.11.24-13.29.14:494][  0]LogRendererCore: Ray tracing is disabled. Reason: r.RayTracing=0.
[2021.11.24-13.29.14:494][  0]LogShaderCompilers: Guid format shader working directory is 2 characters bigger than the processId version (D:/student/gor18471275/Downloads/ProjectInfection/Intermediate/Shaders/WorkingDirectory/15216/).
[2021.11.24-13.29.14:495][  0]LogShaderCompilers: Cleaned the shader compiler working directory 'C:/Users/gor18471275/AppData/Local/Temp/UnrealShaderWorkingDir/9CDE06BC4396BF39A1D9E989C1ECB2CA/'.
[2021.11.24-13.29.14:495][  0]LogXGEController: Cannot use XGE Controller as Incredibuild is not installed on this machine.
[2021.11.24-13.29.14:495][  0]LogShaderCompilers: Cannot use XGE Shader Compiler as Incredibuild is not installed on this machine.
[2021.11.24-13.29.14:495][  0]LogShaderCompilers: Display: Using Local Shader Compiler.
[2021.11.24-13.29.15:166][  0]LogDerivedDataCache: Display: Max Cache Size: 512 MB
[2021.11.24-13.29.15:219][  0]LogDerivedDataCache: Loaded boot cache 0.05s 95MB C:/Users/gor18471275/AppData/Local/UnrealEngine/4.27/DerivedDataCache/Boot.ddc.
[2021.11.24-13.29.15:219][  0]LogDerivedDataCache: Display: Loaded Boot cache: C:/Users/gor18471275/AppData/Local/UnrealEngine/4.27/DerivedDataCache/Boot.ddc
[2021.11.24-13.29.15:219][  0]LogDerivedDataCache: FDerivedDataBackendGraph:  Pak pak cache file D:/student/gor18471275/Downloads/ProjectInfection/DerivedDataCache/DDC.ddp not found, will not use a pak cache.
[2021.11.24-13.29.15:219][  0]LogDerivedDataCache: Unable to find inner node Pak for hierarchical cache Hierarchy.
[2021.11.24-13.29.15:219][  0]LogDerivedDataCache: FDerivedDataBackendGraph:  CompressedPak pak cache file D:/student/gor18471275/Downloads/ProjectInfection/DerivedDataCache/Compressed.ddp not found, will not use a pak cache.
[2021.11.24-13.29.15:219][  0]LogDerivedDataCache: Unable to find inner node CompressedPak for hierarchical cache Hierarchy.
[2021.11.24-13.29.15:233][  0]LogDerivedDataCache: Display: Pak cache opened for reading ../../../Engine/DerivedDataCache/Compressed.ddp.
[2021.11.24-13.29.15:233][  0]LogDerivedDataCache: FDerivedDataBackendGraph:  EnterprisePak pak cache file ../../../Enterprise/DerivedDataCache/Compressed.ddp not found, will not use a pak cache.
[2021.11.24-13.29.15:233][  0]LogDerivedDataCache: Unable to find inner node EnterprisePak for hierarchical cache Hierarchy.
[2021.11.24-13.29.15:241][  0]LogDerivedDataCache: Speed tests for C:/Users/gor18471275/AppData/Local/UnrealEngine/Common/DerivedDataCache took 0.01 seconds
[2021.11.24-13.29.15:241][  0]LogDerivedDataCache: Display: Performance to C:/Users/gor18471275/AppData/Local/UnrealEngine/Common/DerivedDataCache: Latency=0.01ms. RandomReadSpeed=727.97MBs, RandomWriteSpeed=146.33MBs. Assigned SpeedClass 'Local'
[2021.11.24-13.29.15:241][  0]LogDerivedDataCache: Using Local data cache path C:/Users/gor18471275/AppData/Local/UnrealEngine/Common/DerivedDataCache: Writable
[2021.11.24-13.29.15:242][  0]LogDerivedDataCache: Shared data cache path not found in *engine.ini, will not use an Shared cache.
[2021.11.24-13.29.15:242][  0]LogDerivedDataCache: Unable to find inner node Shared for hierarchical cache Hierarchy.
[2021.11.24-13.29.15:272][  0]LogSlate: Using FreeType 2.10.0
[2021.11.24-13.29.15:272][  0]LogSlate: SlateFontServices - WITH_FREETYPE: 1, WITH_HARFBUZZ: 1
[2021.11.24-13.29.15:385][  0]LogInit: Using OS detected language (en-GB).
[2021.11.24-13.29.15:385][  0]LogInit: Using OS detected locale (en-GB).
[2021.11.24-13.29.15:385][  0]LogTextLocalizationManager: No localization for 'en-GB' exists, so 'en' will be used for the language.
[2021.11.24-13.29.15:385][  0]LogTextLocalizationManager: No localization for 'en-GB' exists, so 'en' will be used for the locale.
[2021.11.24-13.29.15:385][  0]LogSlate: FontCache flush requested. Reason: Culture for localization was changed
[2021.11.24-13.29.15:385][  0]LogSlate: FontCache flush requested. Reason: Culture for localization was changed
[2021.11.24-13.29.15:388][  0]LogTextLocalizationManager: Compacting localization data took   0.00ms
[2021.11.24-13.29.15:388][  0]LogAssetRegistry: FAssetRegistry took 0.0014 seconds to start up
[2021.11.24-13.29.15:522][  0]LogPackageLocalizationCache: Processed 27 localized package path(s) for 1 prioritized culture(s) in 0.001720 seconds
[2021.11.24-13.29.15:578][  0]LogInit: Selected Device Profile: [Windows]
[2021.11.24-13.29.15:578][  0]LogInit: Active device profile: [000001E7352DF500][000001E728D66900 49] Windows
[2021.11.24-13.29.15:578][  0]LogInit: Profiles: [000001E7352DF500][000001E728D66900 49] Windows, [000001E7352A0D00][000001E728D6EA80 49] WindowsNoEditor, [000001E7352DCD00][000001E729034C00 49] WindowsServer, [000001E7352A2C00][000001E729038D80 49] WindowsClient, [000001E7352DEB00][000001E72903CF00 49] IOS, [000001E7352A1700][000001E729041080 49] iPadAir, [000001E7352DD600][000001E729045200 49] iPadAir2, [000001E735253A00][000001E72904D4C0 49] IPadPro, [000001E735253B00][000001E729049500 49] iPadAir3, [000001E7352DE400][000001E728D6B640 49] iPadAir4, [000001E735251200][000001E729051780 49] iPadMini2, [000001E7352DFC00][000001E7290558C0 49] iPadMini3, [000001E735252600][000001E72905DA40 49] iPadMini4, [000001E7352DC200][000001E729061BC0 49] iPadMini5, [000001E73529B300][000001E729068300 49] iPhone6, [000001E73529B400][000001E729064340 49] iPodTouch6, [000001E735250300][000001E729070600 49] iPhone7, [000001E735250200][000001E72906C640 49] iPodTouch7, [000001E735299100][000001E7290747C0 49] iPhone5S, [000001E735251B00][000001E729078940 49] iPhone6Plus, [000001E73529A700][000001E72907CAC0 49] iPhone6S, [000001E735253800][000001E7295A2C40 49] iPhone6SPlus, [000001E73529B500][000001E7295A6DC0 49] iPhone7Plus, [000001E735250100][000001E7295AAF40 49] iPhoneSE, [000001E735298900][000001E7295AF0C0 49] iPhone8, [000001E735252C00][000001E7295B3240 49] iPhone8Plus, [000001E73529B100][000001E7295B73C0 49] iPhoneX, [000001E735252300][000001E7295BB540 49] iPhoneXS, [000001E73529B000][000001E7295BF6C0 49] iPhoneXSMax, [000001E735251800][000001E729059800 49] iPhoneXR, [000001E735298D00][000001E7295C3940 49] iPhone11, [000001E735251300][000001E7295C7A80 49] iPhone11Pro, [000001E735298C00][000001E7295CFC00 49] iPhone11ProMax, [000001E735251D00][000001E7295D2200 49] iPhoneSE2, [000001E73529BB00][000001E7295D6380 49] iPhone12Mini, [000001E735250C00][000001E7295DA500 49] iPhone12, [000001E73529AB00][000001E7295DE680 49] iPhone12Pro, [000001E735252000][000001E7295E2800 49] iPhone12ProMax, [000001E735298A00][000001E7295E6980 49] iPadPro105, [000001E735251A00][000001E7295EAB00 49] iPadPro129, [000001E73529AE00][000001E7295EEC80 49] iPadPro97, [000001E735251100][000001E7295F2E00 49] iPadPro2_129, [000001E735299700][000001E7295F6F80 49] iPad5, [000001E735251400][000001E7295FB100 49] iPad6, [000001E735298700][000001E728B8F280 49] iPad7, [000001E735253300][000001E728B93400 49] iPad8, [000001E735299000][000001E728B97580 49] iPadPro11, [000001E735253E00][000001E728B9B700 49] iPadPro2_11, [000001E735299F00][000001E728B9F880 49] iPadPro3_129, [000001E735253C00][000001E7295CB9C0 49] iPadPro4_129, [000001E735298F00][000001E728BA3B00 49] AppleTV, [000001E735253000][000001E728BA60C0 49] AppleTV4K, [000001E73529AD00][000001E728BAE240 49] TVOS, [000001E735252B00][000001E728BB23C0 49] Mac, [000001E73529A100][000001E728BB6540 49] MacClient, [000001E735253900][000001E728BBA6C0 49] MacNoEditor, [000001E73529B600][000001E728BBE840 49] MacServer, [000001E735253200][000001E728BC29C0 49] Linux, [000001E735299E00][000001E728BC6B40 49] LinuxAArch64, [000001E735250800][000001E728BCACC0 49] LinuxNoEditor, [000001E7352A2700][000001E728BCEE40 49] LinuxAArch64NoEditor, [000001E734334E00][000001E728BD2FC0 49] LinuxClient, [000001E7352A0300][000001E728BD7140 49] LinuxAArch64Client, [000001E734334800][000001E728BDB2C0 49] LinuxServer, [000001E7352A0A00][000001E728BDF440 49] LinuxAArch64Server, [000001E734335700][000001E728BE35C0 49] Android, [000001E7352A0700][000001E728BE7740 49] Android_Low, [000001E734335200][000001E728BEB8C0 49] Android_Mid, [000001E7352A3900][000001E728BEFA40 49] Android_High, [000001E734335900][000001E728BABB80 49] Android_Default, [000001E7352A0E00][000001E728BF2140 49] Android_Adreno4xx, [000001E734336000][000001E728BF6280 49] Android_Adreno5xx_Low, [000001E7352A3000][000001E728BFA3C0 49] Android_Adreno5xx, [000001E734336600][000001E728C02540 49] Android_Adreno6xx, [000001E7352A1D00][000001E728C066C0 49] Android_Adreno6xx_Vulkan, [000001E734335100][000001E728C0A840 49] Android_Mali_T6xx, [000001E7352A3F00][000001E728C0E9C0 49] Android_Mali_T7xx, [000001E734334100][000001E728C12B40 49] Android_Mali_T8xx, [000001E7352A0500][000001E728C16CC0 49] Android_Mali_G71, [000001E734334A00][000001E728C1AE40 49] Android_Mali_G72, [000001E7352A0C00][000001E728C1EFC0 49] Android_Mali_G72_Vulkan, [000001E734334500][000001E728C23140 49] Android_Mali_G76, [000001E735251600][000001E728C272C0 49] Android_Mali_G76_Vulkan, [000001E73529B700][000001E728C2B440 49] Android_Mali_G77, [000001E735252900][000001E728C2F5C0 49] Android_Mali_G77_Vulkan, [000001E735299900][000001E728C33740 49] Android_Mali_G78, [000001E735252400][000001E728C378C0 49] Android_Mali_G78_Vulkan, [000001E734335F00][000001E728C3BA40 49] Android_Mali_G710, [000001E735250600][000001E728C3FBC0 49] Android_Mali_G710_Vulkan, [000001E734335D00][000001E728BFE180 49] Android_Vulkan_SM5, [000001E735251C00][000001E728C422C0 49] Android_PowerVR_G6xxx, [000001E734336500][000001E728C46400 49] Android_PowerVR_GT7xxx, [000001E735250D00][000001E728C4A540 49] Android_PowerVR_GE8xxx, [000001E734335A00][000001E728C526C0 49] Android_PowerVR_GM9xxx, [000001E735250F00][000001E728C56840 49] Android_PowerVR_GM9xxx_Vulkan, [000001E734334300][000001E728C5A9C0 49] Android_TegraK1, [000001E735251F00][000001E728C5EB40 49] Android_Unknown_Vulkan, [000001E734336800][000001E728C62CC0 49] Lumin, [000001E735253600][000001E728C66E40 49] Lumin_Desktop, [000001E734334F00][000001E728C6AFC0 49] HoloLens, 
[2021.11.24-13.29.15:616][  0]LogMeshReduction: Using QuadricMeshReduction for automatic static mesh reduction
[2021.11.24-13.29.15:616][  0]LogMeshReduction: Using SimplygonMeshReduction for automatic skeletal mesh reduction
[2021.11.24-13.29.15:616][  0]LogMeshReduction: Using ProxyLODMeshReduction for automatic mesh merging
[2021.11.24-13.29.15:616][  0]LogMeshReduction: No distributed automatic mesh merging module available
[2021.11.24-13.29.15:616][  0]LogMeshMerging: No distributed automatic mesh merging module available
[2021.11.24-13.29.15:709][  0]LogNetVersion: ProjectInfection 1.0.0, NetCL: 17155196, EngineNetVer: 17, GameNetVer: 0 (Checksum: 586943338)
[2021.11.24-13.29.15:918][  0]LogTexture: Default maximum texture size for cubemaps generated from long-lat sources has been changed from 512 to unlimited. In order to preserve old behaiour for '/Engine/MapTemplates/Sky/DaylightAmbientCubemap.DaylightAmbientCubemap', its maximum texture size has been explicitly set to 512.
[2021.11.24-13.29.15:967][  0]LogHMD: PokeAHoleMaterial loaded successfully
[2021.11.24-13.29.16:060][  0]LogMoviePlayer: Initializing movie player
[2021.11.24-13.29.16:159][  0]LogNiagaraDebuggerClient: Niagara Debugger Client Initialized | Session: 620FA3E44D37B9BF5A6131AC61DABA23 | Instance: 8B456C6049C09F8C477F2A8007DBE3DD (L-M104-023373-15216).
[2021.11.24-13.29.16:177][  0]LogCollectionManager: Loaded 0 collections in 0.001942 seconds
[2021.11.24-13.29.16:179][  0]LogFileCache: Scanning file cache for directory 'D:/student/gor18471275/Downloads/ProjectInfection/Saved/Collections/' took 0.00s
[2021.11.24-13.29.16:179][  0]LogFileCache: Scanning file cache for directory 'D:/student/gor18471275/Downloads/ProjectInfection/Content/Developers/gor18471275/Collections/' took 0.00s
[2021.11.24-13.29.16:179][  0]LogCollectionManager: Fixed up redirectors for 0 collections in 0.000002 seconds (updated 0 objects)
[2021.11.24-13.29.16:265][  0]LogFileCache: Scanning file cache for directory 'D:/student/gor18471275/Downloads/ProjectInfection/Content/Collections/' took 0.00s
[2021.11.24-13.29.16:265][  0]LogStreaming: Warning: Failed to read file '../../../Engine/Content/Editor/Slate/Niagara/MenuSeparator.png' error.
[2021.11.24-13.29.16:265][  0]LogSlate: Could not find file for Slate resource: ../../../Engine/Content/Editor/Slate/Niagara/MenuSeparator.png
[2021.11.24-13.29.16:265][  0]LogStreaming: Warning: Failed to read file '../../../Engine/Content/Editor/Slate/Niagara/Common/Selector.png' error.
[2021.11.24-13.29.16:265][  0]LogSlate: Could not find file for Slate resource: ../../../Engine/Content/Editor/Slate/Niagara/Common/Selector.png
[2021.11.24-13.29.16:265][  0]LogStreaming: Warning: Failed to read file '../../../Engine/Content/Editor/Slate/Niagara/Common/Selection.png' error.
[2021.11.24-13.29.16:265][  0]LogSlate: Could not find file for Slate resource: ../../../Engine/Content/Editor/Slate/Niagara/Common/Selection.png
[2021.11.24-13.29.16:265][  0]LogStreaming: Warning: Failed to read file '../../../Engine/Content/Editor/Slate/Niagara/Common/DropZoneIndicator_Above.png' error.
[2021.11.24-13.29.16:265][  0]LogSlate: Could not find file for Slate resource: ../../../Engine/Content/Editor/Slate/Niagara/Common/DropZoneIndicator_Above.png
[2021.11.24-13.29.16:265][  0]LogStreaming: Warning: Failed to read file '../../../Engine/Content/Editor/Slate/Niagara/Common/DropZoneIndicator_Onto.png' error.
[2021.11.24-13.29.16:265][  0]LogSlate: Could not find file for Slate resource: ../../../Engine/Content/Editor/Slate/Niagara/Common/DropZoneIndicator_Onto.png
[2021.11.24-13.29.16:265][  0]LogStreaming: Warning: Failed to read file '../../../Engine/Content/Editor/Slate/Niagara/Common/DropZoneIndicator_Below.png' error.
[2021.11.24-13.29.16:265][  0]LogSlate: Could not find file for Slate resource: ../../../Engine/Content/Editor/Slate/Niagara/Common/DropZoneIndicator_Below.png
[2021.11.24-13.29.16:265][  0]LogStreaming: Warning: Failed to read file '../../../Engine/Content/Editor/Slate/Niagara/Common/RoundedSelection_16x.png' error.
[2021.11.24-13.29.16:265][  0]LogSlate: Could not find file for Slate resource: ../../../Engine/Content/Editor/Slate/Niagara/Common/RoundedSelection_16x.png
[2021.11.24-13.29.16:265][  0]LogStreaming: Warning: Failed to read file '../../../Engine/Content/Editor/Slate/Niagara/Common/FlatButton.png' error.
[2021.11.24-13.29.16:265][  0]LogSlate: Could not find file for Slate resource: ../../../Engine/Content/Editor/Slate/Niagara/Common/FlatButton.png
[2021.11.24-13.29.16:265][  0]LogImageWrapper: Warning: PNG Warning: Duplicate iCCP chunk
[2021.11.24-13.29.16:265][  0]LogImageWrapper: Warning: PNG Warning: Duplicate iCCP chunk
[2021.11.24-13.29.16:265][  0]LogPython: Using Python 3.7.7
[2021.11.24-13.29.16:667][  0]LogTcpMessaging: Initializing TcpMessaging bridge
[2021.11.24-13.29.16:674][  0]LogUdpMessaging: Initializing bridge on interface 0.0.0.0:0 to multicast group 230.0.0.1:6666.
[2021.11.24-13.29.16:726][  0]SourceControl: Source control is disabled
[2021.11.24-13.29.16:726][  0]SourceControl: Source control is disabled
[2021.11.24-13.29.16:729][  0]SourceControl: Source control is disabled
[2021.11.24-13.29.16:737][  0]LogUProjectInfo: Found projects:
[2021.11.24-13.29.16:739][  0]LogVSAccessor: Display: Unable to create Visual Studio setup instance: 80040154
[2021.11.24-13.29.16:739][  0]LogVSAccessor: Display: Unable to create Visual Studio setup instance: 80040154
[2021.11.24-13.29.16:740][  0]LogVSAccessor: Display: Unable to create Visual Studio setup instance: 80040154
[2021.11.24-13.29.16:818][  0]LogOpenImageDenoise: OIDN starting up
[2021.11.24-13.29.16:837][  0]LogAndroidPermission: UAndroidPermissionCallbackProxy::GetInstance
[2021.11.24-13.29.16:857][  0]LogAudioCaptureCore: Display: No Audio Capture implementations found. Audio input will be silent.
[2021.11.24-13.29.16:857][  0]LogAudioCaptureCore: Display: No Audio Capture implementations found. Audio input will be silent.
[2021.11.24-13.29.16:945][  0]LogOcInput: OculusInput pre-init called
[2021.11.24-13.29.16:952][  0]LogUObjectArray: 22121 objects as part of root set at end of initial load.
[2021.11.24-13.29.16:952][  0]LogUObjectAllocator: 5975440 out of 0 bytes used by permanent object pool.
[2021.11.24-13.29.16:952][  0]LogUObjectArray: CloseDisregardForGC: 0/0 objects in disregard for GC pool
[2021.11.24-13.29.16:993][  0]LogEngine: Initializing Engine...
[2021.11.24-13.29.16:996][  0]LogHMD: Failed to enumerate extensions. Please check that you have a valid OpenXR runtime installed.
[2021.11.24-13.29.16:996][  0]LogHMD: Failed to initialize OpenVR with code 110
[2021.11.24-13.29.16:996][  0]LogMagicLeap: Warning: VR disabled because ZI is not enabled.  To enable, in the editor, Edit -> Project Settings -> Plugins -> Magic Leap Plugin -> Enable Zero Iteration
[2021.11.24-13.29.16:997][  0]LogStats: UGameplayTagsManager::InitializeManager -  0.000 s
[2021.11.24-13.29.17:079][  0]LogInit: Initializing FReadOnlyCVARCache
[2021.11.24-13.29.17:079][  0]LogAudio: Display: Initializing Audio Device Manager...
[2021.11.24-13.29.17:082][  0]LogAudio: Display: Loading Default Audio Settings Objects...
[2021.11.24-13.29.17:083][  0]LogAudio: Display: No default SoundConcurrencyObject specified (or failed to load).
[2021.11.24-13.29.17:083][  0]LogAudio: Display: Audio Device Manager Initialized
[2021.11.24-13.29.17:083][  0]LogAudio: Display: Creating Audio Device:                 Id: 1, Scope: Shared, Realtime: True
[2021.11.24-13.29.17:083][  0]LogAudioMixer: Display: Audio Mixer Platform Settings:
[2021.11.24-13.29.17:083][  0]LogAudioMixer: Display: 	Sample Rate:						  48000
[2021.11.24-13.29.17:083][  0]LogAudioMixer: Display: 	Callback Buffer Frame Size Requested: 1024
[2021.11.24-13.29.17:083][  0]LogAudioMixer: Display: 	Callback Buffer Frame Size To Use:	  1024
[2021.11.24-13.29.17:083][  0]LogAudioMixer: Display: 	Number of buffers to queue:			  2
[2021.11.24-13.29.17:083][  0]LogAudioMixer: Display: 	Max Channels (voices):				  32
[2021.11.24-13.29.17:083][  0]LogAudioMixer: Display: 	Number of Async Source Workers:		  0
[2021.11.24-13.29.17:083][  0]LogAudio: Display: AudioDevice MaxSources: 32
[2021.11.24-13.29.17:083][  0]LogAudio: Display: Audio Spatialization Plugin: None (built-in).
[2021.11.24-13.29.17:083][  0]LogAudio: Display: Audio Reverb Plugin: None (built-in).
[2021.11.24-13.29.17:083][  0]LogAudio: Display: Audio Occlusion Plugin: None (built-in).
[2021.11.24-13.29.17:083][  0]LogAudioMixer: Display: Initializing audio mixer.
[2021.11.24-13.29.17:104][  0]LogAudioMixer: Display: 0: FrontLeft
[2021.11.24-13.29.17:104][  0]LogAudioMixer: Display: 1: FrontRight
[2021.11.24-13.29.17:119][  0]LogAudioMixer: Display: Using Audio Device Headphones (JDunn’s AirPods Stereo)
[2021.11.24-13.29.17:122][  0]LogAudioMixer: Display: Initializing Sound Submixes...
[2021.11.24-13.29.17:124][  0]LogAudioMixer: Display: Creating Master Submix 'MasterSubmixDefault'
[2021.11.24-13.29.17:124][  0]LogAudioMixer: Display: Creating Master Submix 'MasterReverbSubmixDefault'
[2021.11.24-13.29.17:125][  0]LogAudioMixer: Display: Creating Master Submix 'MasterEQSubmixDefault'
[2021.11.24-13.29.17:125][  0]LogAudioMixer: FMixerPlatformXAudio2::StartAudioStream() called
[2021.11.24-13.29.17:125][  0]LogAudioMixer: Display: Output buffers initialized: Frames=1024, Channels=2, Samples=2048
[2021.11.24-13.29.17:126][  0]LogAudioMixer: Display: Starting AudioMixerPlatformInterface::RunInternal()
[2021.11.24-13.29.17:126][  0]LogAudioMixer: Display: FMixerPlatformXAudio2::SubmitBuffer() called for the first time
[2021.11.24-13.29.17:126][  0]LogInit: FAudioDevice initialized.
[2021.11.24-13.29.17:127][  0]LogNetVersion: Set ProjectVersion to 0.0.1. Version Checksum will be recalculated on next use.
[2021.11.24-13.29.17:128][  0]LogInit: Texture streaming: Enabled
[2021.11.24-13.29.17:184][  0]LogAudio: Display: Audio Device (ID: 1) registered with world 'Untitled'.
[2021.11.24-13.29.17:184][  0]LogSlate: Updating window title bar state: overlay mode, drag disabled, window buttons hidden, title bar hidden
[2021.11.24-13.29.17:184][  0]LogInit: Display: Game Engine Initialized.
[2021.11.24-13.29.17:184][  0]LogNiagaraEditor: GEditor isn't valid! Particle reset commands will not work for Niagara components!
[2021.11.24-13.29.17:274][  0]LogStreaming: Warning: Failed to read file '../../../Engine/Content/Editor/Slate/Niagara/MenuSeparator.png' error.
[2021.11.24-13.29.17:274][  0]LogSlate: Could not find file for Slate resource: ../../../Engine/Content/Editor/Slate/Niagara/MenuSeparator.png
[2021.11.24-13.29.17:275][  0]LogStreaming: Warning: Failed to read file '../../../Engine/Content/Editor/Slate/Niagara/Common/Selector.png' error.
[2021.11.24-13.29.17:275][  0]LogSlate: Could not find file for Slate resource: ../../../Engine/Content/Editor/Slate/Niagara/Common/Selector.png
[2021.11.24-13.29.17:275][  0]LogStreaming: Warning: Failed to read file '../../../Engine/Content/Editor/Slate/Niagara/Common/Selection.png' error.
[2021.11.24-13.29.17:275][  0]LogSlate: Could not find file for Slate resource: ../../../Engine/Content/Editor/Slate/Niagara/Common/Selection.png
[2021.11.24-13.29.17:275][  0]LogStreaming: Warning: Failed to read file '../../../Engine/Content/Editor/Slate/Niagara/Common/DropZoneIndicator_Onto.png' error.
[2021.11.24-13.29.17:275][  0]LogSlate: Could not find file for Slate resource: ../../../Engine/Content/Editor/Slate/Niagara/Common/DropZoneIndicator_Onto.png
[2021.11.24-13.29.17:275][  0]LogStreaming: Warning: Failed to read file '../../../Engine/Content/Editor/Slate/Niagara/Common/DropZoneIndicator_Above.png' error.
[2021.11.24-13.29.17:275][  0]LogSlate: Could not find file for Slate resource: ../../../Engine/Content/Editor/Slate/Niagara/Common/DropZoneIndicator_Above.png
[2021.11.24-13.29.17:275][  0]LogStreaming: Warning: Failed to read file '../../../Engine/Content/Editor/Slate/Niagara/Common/DropZoneIndicator_Below.png' error.
[2021.11.24-13.29.17:275][  0]LogStreaming: Warning: Failed to read file '../../../Engine/Content/Editor/Slate/Niagara/Common/RoundedSelection_16x.png' error.
[2021.11.24-13.29.17:275][  0]LogSlate: Could not find file for Slate resource: ../../../Engine/Content/Editor/Slate/Niagara/Common/RoundedSelection_16x.png
[2021.11.24-13.29.17:275][  0]LogStreaming: Warning: Failed to read file '../../../Engine/Content/Editor/Slate/Niagara/Common/FlatButton.png' error.
[2021.11.24-13.29.17:275][  0]LogSlate: Could not find file for Slate resource: ../../../Engine/Content/Editor/Slate/Niagara/Common/FlatButton.png
[2021.11.24-13.29.17:275][  0]LogSlate: Could not find file for Slate resource: ../../../Engine/Content/Editor/Slate/Niagara/Common/DropZoneIndicator_Below.png
[2021.11.24-13.29.17:290][  0]LogImageWrapper: Warning: PNG Warning: Duplicate iCCP chunk
[2021.11.24-13.29.17:290][  0]LogImageWrapper: Warning: PNG Warning: Duplicate iCCP chunk
[2021.11.24-13.29.17:290][  0]LogInit: Display: Starting Game.
[2021.11.24-13.29.17:290][  0]LogNet: Browse: /Game/UI_and_UI_Assets/MainMenu/Main_Menu?Name=Player
[2021.11.24-13.29.17:290][  0]LogLoad: LoadMap: /Game/UI_and_UI_Assets/MainMenu/Main_Menu?Name=Player
[2021.11.24-13.29.17:290][  0]LogWorld: BeginTearingDown for /Temp/Untitled_0
[2021.11.24-13.29.17:291][  0]LogWorld: UWorld::CleanupWorld for Untitled, bSessionEnded=true, bCleanupResources=true
[2021.11.24-13.29.17:292][  0]LogSlate: InvalidateAllWidgets triggered.  All widgets were invalidated
[2021.11.24-13.29.17:296][  0]LogAudio: Display: Audio Device unregistered from world 'None'.
[2021.11.24-13.29.17:298][  0]LogUObjectHash: Compacting FUObjectHashTables data took   0.59ms
[2021.11.24-13.29.17:326][  0]LogAudio: Display: Audio Device (ID: 1) registered with world 'Main_Menu'.
[2021.11.24-13.29.17:332][  0]LogAIModule: Creating AISystem for world Main_Menu
[2021.11.24-13.29.17:523][  0]LogLoad: Game class is 'SideScrollerGameMode_C'
[2021.11.24-13.29.17:524][  0]LogWorld: Bringing World /Game/UI_and_UI_Assets/MainMenu/Main_Menu.Main_Menu up for play (max tick rate 0) at 2021.11.24-13.29.17
[2021.11.24-13.29.17:524][  0]LogWorld: Bringing up level for play took: 0.000459
[2021.11.24-13.29.17:524][  0]LogGameMode: FindPlayerStart: PATHS NOT DEFINED or NO PLAYERSTART with positive rating
[2021.11.24-13.29.17:527][  0]LogViewport: Display: Viewport MouseCaptureMode Changed, CapturePermanently_IncludingInitialMouseDown -> NoCapture
[2021.11.24-13.29.17:527][  0]LogLoad: Took 0.236995 seconds to LoadMap(/Game/UI_and_UI_Assets/MainMenu/Main_Menu)
[2021.11.24-13.29.17:590][  0]LogSlate: Took 0.000188 seconds to synchronously load lazily loaded font '../../../Engine/Content/Slate/Fonts/Roboto-Regular.ttf' (155K)
[2021.11.24-13.29.17:626][  0]LogRenderer: Reallocating scene render targets to support 1912x1128 Format 10 NumSamples 1 (Frame:1).
[2021.11.24-13.29.17:626][  0]LogInit: Display: Engine is initialized. Leaving FEngineLoop::Init()
[2021.11.24-13.29.17:626][  0]LogLoad: (Engine Initialization) Total time: 5.55 seconds
[2021.11.24-13.29.17:626][  0]LogLoad: (Engine Initialization) Total Blueprint compile time: 0.00 seconds
[2021.11.24-13.29.17:629][  0]LogContentStreaming: Texture pool size now 1000 MB
[2021.11.24-13.29.17:632][  0]LogSlate: InvalidateAllWidgets triggered.  All widgets were invalidated
[2021.11.24-13.29.17:646][  1]LogSlate: Took 0.000174 seconds to synchronously load lazily loaded font '../../../Engine/Content/Slate/Fonts/Roboto-Regular.ttf' (155K)
[2021.11.24-13.29.19:599][814]LogSlate: Updating window title bar state: overlay mode, drag disabled, window buttons hidden, title bar hidden
[2021.11.24-13.29.20:576][221]LogViewport: Display: Viewport MouseCaptureMode Changed, NoCapture -> CapturePermanently
[2021.11.24-13.29.20:761][221]LogPackageName: SearchForPackageOnDisk took   0.186s to resolve Test_Level.umap.
[2021.11.24-13.29.20:945][221]LogPackageName: SearchForPackageOnDisk took   0.183s to resolve Test_Level.umap.
[2021.11.24-13.29.20:945][221]LogNet: Browse: /Game/Test_Level/Test_Level
[2021.11.24-13.29.20:945][221]LogLoad: LoadMap: /Game/Test_Level/Test_Level
[2021.11.24-13.29.20:945][221]LogWorld: BeginTearingDown for /Game/UI_and_UI_Assets/MainMenu/Main_Menu
[2021.11.24-13.29.20:946][221]LogWorld: UWorld::CleanupWorld for Main_Menu, bSessionEnded=true, bCleanupResources=true
[2021.11.24-13.29.20:946][221]LogSlate: InvalidateAllWidgets triggered.  All widgets were invalidated
[2021.11.24-13.29.20:982][221]LogAudio: Display: Waited 35.248199 ms for audio thread.
[2021.11.24-13.29.20:992][221]LogAudio: Display: Waited 46.195702 ms for audio thread.
[2021.11.24-13.29.20:996][221]LogAudio: Display: Audio Device unregistered from world 'None'.
[2021.11.24-13.29.21:001][221]LogUObjectHash: Compacting FUObjectHashTables data took   0.63ms
[2021.11.24-13.29.21:277][221]LogAudio: Display: Audio Device (ID: 1) registered with world 'Test_Level'.
[2021.11.24-13.29.21:278][221]LogAIModule: Creating AISystem for world Test_Level
[2021.11.24-13.29.21:280][221]LogLoad: Game class is 'SideScrollerGameMode_C'
[2021.11.24-13.29.21:283][221]LogWorld: Bringing World /Game/Test_Level/Test_Level.Test_Level up for play (max tick rate 0) at 2021.11.24-13.29.21
[2021.11.24-13.29.21:283][221]LogWorld: Bringing up level for play took: 0.003592
[2021.11.24-13.29.21:285][221]LogLoad: Took 0.339893 seconds to LoadMap(/Game/Test_Level/Test_Level)
[2021.11.24-13.29.25:063][137]LogViewport: Display: Viewport MouseLockMode Changed, LockOnCapture -> DoNotLock
[2021.11.24-13.29.25:063][137]LogViewport: Display: Viewport MouseCaptureMode Changed, CapturePermanently -> NoCapture
[2021.11.24-13.29.25:977][363]Closing by request
[2021.11.24-13.29.25:977][363]LogWindows: FPlatformMisc::RequestExit(0)
[2021.11.24-13.29.25:977][363]LogWindows: FPlatformMisc::RequestExitWithStatus(0, 0)
[2021.11.24-13.29.25:977][363]LogCore: Engine exit requested (reason: Win RequestExit)
[2021.11.24-13.29.25:982][364]LogCore: Engine exit requested (reason: EngineExit() was called; note: exit was already requested)
[2021.11.24-13.29.25:982][364]LogInit: Display: PreExit Game.
[2021.11.24-13.29.25:991][364]LogWorld: BeginTearingDown for /Game/Test_Level/Test_Level
[2021.11.24-13.29.25:991][364]LogWorld: UWorld::CleanupWorld for Test_Level, bSessionEnded=true, bCleanupResources=true
[2021.11.24-13.29.25:992][364]LogSlate: InvalidateAllWidgets triggered.  All widgets were invalidated
[2021.11.24-13.29.26:003][364]LogAudio: Display: Beginning Audio Device Manager Shutdown (Module: AudioMixerXAudio2)...
[2021.11.24-13.29.26:003][364]LogAudio: Display: Destroying 1 Remaining Audio Device(s)...
[2021.11.24-13.29.26:003][364]LogAudio: Display: Audio Device unregistered from world 'Test_Level'.
[2021.11.24-13.29.26:042][364]LogAudioMixer: FMixerPlatformXAudio2::StopAudioStream() called
[2021.11.24-13.29.26:042][364]LogAudioMixer: FMixerPlatformXAudio2::StopAudioStream() called
[2021.11.24-13.29.26:043][364]LogAudio: Display: Audio Device Manager Shutdown
[2021.11.24-13.29.26:051][364]LogSlate: Window 'Project Infected (64-bit Development PCD3D_SM5) ' being destroyed
[2021.11.24-13.29.26:051][364]LogWindowsTextInputMethodSystem: Display: IME system deactivated.
[2021.11.24-13.29.26:054][364]LogWindowsTextInputMethodSystem: Display: IME system deactivated.
[2021.11.24-13.29.27:316][364]LogWindows: Error: === Critical error: ===
[2021.11.24-13.29.27:316][364]LogWindows: Error: 
[2021.11.24-13.29.27:316][364]LogWindows: Error: Fatal error!
[2021.11.24-13.29.27:316][364]LogWindows: Error: 
[2021.11.24-13.29.27:316][364]LogWindows: Error: Unhandled Exception: EXCEPTION_ACCESS_VIOLATION reading address 0x0000000000000000
[2021.11.24-13.29.27:316][364]LogWindows: Error: 
[2021.11.24-13.29.27:316][364]LogWindows: Error: [Callstack] 0x00007ffdf5192da5 msctf.dll!UnknownFunction []
[2021.11.24-13.29.27:316][364]LogWindows: Error: [Callstack] 0x00007ffdf517df59 msctf.dll!UnknownFunction []
[2021.11.24-13.29.27:316][364]LogWindows: Error: [Callstack] 0x00007ffdf5191c76 msctf.dll!UnknownFunction []
[2021.11.24-13.29.27:316][364]LogWindows: Error: [Callstack] 0x00007ffdf517f238 msctf.dll!UnknownFunction []
[2021.11.24-13.29.27:316][364]LogWindows: Error: [Callstack] 0x00007ffdf5178c44 msctf.dll!UnknownFunction []
[2021.11.24-13.29.27:316][364]LogWindows: Error: [Callstack] 0x00007ffdf5178b63 msctf.dll!UnknownFunction []
[2021.11.24-13.29.27:316][364]LogWindows: Error: [Callstack] 0x00007ffdf51789ff msctf.dll!UnknownFunction []
[2021.11.24-13.29.27:316][364]LogWindows: Error: [Callstack] 0x00007ffdf5343b52 IMM32.dll!UnknownFunction []
[2021.11.24-13.29.27:316][364]LogWindows: Error: [Callstack] 0x00007ffdf5347dfc IMM32.dll!UnknownFunction []
[2021.11.24-13.29.27:316][364]LogWindows: Error: [Callstack] 0x00007ffdf518749c msctf.dll!UnknownFunction []
[2021.11.24-13.29.27:316][364]LogWindows: Error: [Callstack] 0x00007ffdf51781e5 msctf.dll!UnknownFunction []
[2021.11.24-13.29.27:316][364]LogWindows: Error: [Callstack] 0x00007ffdf51b98a0 msctf.dll!UnknownFunction []
[2021.11.24-13.29.27:316][364]LogWindows: Error: [Callstack] 0x00007ffdf53499cc IMM32.dll!UnknownFunction []
[2021.11.24-13.29.27:316][364]LogWindows: Error: [Callstack] 0x00007ffdf5349e9e IMM32.dll!UnknownFunction []
[2021.11.24-13.29.27:316][364]LogWindows: Error: [Callstack] 0x00007ffdae40bf50 UE4Editor-ApplicationCore.dll!UnknownFunction []
[2021.11.24-13.29.27:316][364]LogWindows: Error: [Callstack] 0x00007ffdae3daa6b UE4Editor-ApplicationCore.dll!UnknownFunction []
[2021.11.24-13.29.27:316][364]LogWindows: Error: [Callstack] 0x00007ffdae3dfd9a UE4Editor-ApplicationCore.dll!UnknownFunction []
[2021.11.24-13.29.27:316][364]LogWindows: Error: [Callstack] 0x00007ffda405601d UE4Editor-Slate.dll!UnknownFunction []
[2021.11.24-13.29.27:316][364]LogWindows: Error: [Callstack] 0x00007ff7d0e103be UE4Editor.exe!UnknownFunction []
[2021.11.24-13.29.27:316][364]LogWindows: Error: [Callstack] 0x00007ff7d0e11053 UE4Editor.exe!UnknownFunction []
[2021.11.24-13.29.27:316][364]LogWindows: Error: [Callstack] 0x00007ff7d0e110aa UE4Editor.exe!UnknownFunction []
[2021.11.24-13.29.27:316][364]LogWindows: Error: [Callstack] 0x00007ff7d0e140cd UE4Editor.exe!UnknownFunction []
[2021.11.24-13.29.27:316][364]LogWindows: Error: [Callstack] 0x00007ff7d0e25984 UE4Editor.exe!UnknownFunction []
[2021.11.24-13.29.27:316][364]LogWindows: Error: [Callstack] 0x00007ff7d0e2853a UE4Editor.exe!UnknownFunction []
[2021.11.24-13.29.27:316][364]LogWindows: Error: [Callstack] 0x00007ffdf5f27034 KERNEL32.DLL!UnknownFunction []
[2021.11.24-13.29.27:316][364]LogWindows: Error: [Callstack] 0x00007ffdf6842651 ntdll.dll!UnknownFunction []
[2021.11.24-13.29.27:316][364]LogWindows: Error: 
[2021.11.24-13.29.27:326][364]LogExit: Executing StaticShutdownAfterError
[2021.11.24-13.29.27:327][364]LogWindows: FPlatformMisc::RequestExit(1)
[2021.11.24-13.29.27:327][364]LogWindows: FPlatformMisc::RequestExitWithStatus(1, 3)
[2021.11.24-13.29.27:327][364]LogCore: Engine exit requested (reason: Win RequestExit; note: exit was already requested)
[2021.11.24-13.29.27:337][364]Log file closed, 11/24/21 13:29:27
